Directory ../data/paperwithcode/60Neg800unk/twofoldwithunk/fold1/models/cased_L-12_H-768_A-12_XLNet/ Exist
WARNING:tensorflow:From /nfs/home/kabenamualus/Research/task-dataset-metric-extraction/XLNet/model_utils.py:297: The name tf.train.Optimizer is deprecated. Please use tf.compat.v1.train.Optimizer instead.

WARNING:tensorflow:From run_sci_classifier.py:744: The name tf.app.run is deprecated. Please use tf.compat.v1.app.run instead.

WARNING:tensorflow:From run_sci_classifier.py:516: The name tf.logging.set_verbosity is deprecated. Please use tf.compat.v1.logging.set_verbosity instead.

W0424 12:10:59.724476 140212767692608 module_wrapper.py:139] From run_sci_classifier.py:516: The name tf.logging.set_verbosity is deprecated. Please use tf.compat.v1.logging.set_verbosity instead.

WARNING:tensorflow:From run_sci_classifier.py:516: The name tf.logging.INFO is deprecated. Please use tf.compat.v1.logging.INFO instead.

W0424 12:10:59.724833 140212767692608 module_wrapper.py:139] From run_sci_classifier.py:516: The name tf.logging.INFO is deprecated. Please use tf.compat.v1.logging.INFO instead.

WARNING:tensorflow:From run_sci_classifier.py:536: The name tf.gfile.Exists is deprecated. Please use tf.io.gfile.exists instead.

W0424 12:10:59.725237 140212767692608 module_wrapper.py:139] From run_sci_classifier.py:536: The name tf.gfile.Exists is deprecated. Please use tf.io.gfile.exists instead.

WARNING:tensorflow:From /nfs/home/kabenamualus/Research/task-dataset-metric-extraction/XLNet/model_utils.py:29: The name tf.ConfigProto is deprecated. Please use tf.compat.v1.ConfigProto instead.

W0424 12:10:59.789587 140212767692608 module_wrapper.py:139] From /nfs/home/kabenamualus/Research/task-dataset-metric-extraction/XLNet/model_utils.py:29: The name tf.ConfigProto is deprecated. Please use tf.compat.v1.ConfigProto instead.

WARNING:tensorflow:From /nfs/home/kabenamualus/Research/task-dataset-metric-extraction/XLNet/model_utils.py:38: The name tf.logging.info is deprecated. Please use tf.compat.v1.logging.info instead.

W0424 12:10:59.789914 140212767692608 module_wrapper.py:139] From /nfs/home/kabenamualus/Research/task-dataset-metric-extraction/XLNet/model_utils.py:38: The name tf.logging.info is deprecated. Please use tf.compat.v1.logging.info instead.

INFO:tensorflow:Single device mode.
I0424 12:10:59.790036 140212767692608 model_utils.py:38] Single device mode.
WARNING:tensorflow:
The TensorFlow contrib module will not be included in TensorFlow 2.0.
For more information, please see:
  * https://github.com/tensorflow/community/blob/master/rfcs/20180907-contrib-sunset.md
  * https://github.com/tensorflow/addons
  * https://github.com/tensorflow/io (for I/O related ops)
If you depend on functionality not listed there, please file an issue.

W0424 12:10:59.790194 140212767692608 lazy_loader.py:50] 
The TensorFlow contrib module will not be included in TensorFlow 2.0.
For more information, please see:
  * https://github.com/tensorflow/community/blob/master/rfcs/20180907-contrib-sunset.md
  * https://github.com/tensorflow/addons
  * https://github.com/tensorflow/io (for I/O related ops)
If you depend on functionality not listed there, please file an issue.

INFO:tensorflow:Using config: {'_model_dir': '../data/paperwithcode/60Neg800unk/twofoldwithunk/fold1/models/cased_L-12_H-768_A-12_XLNet/', '_tf_random_seed': None, '_save_summary_steps': 100, '_save_checkpoints_steps': 500, '_save_checkpoints_secs': None, '_session_config': allow_soft_placement: true
, '_keep_checkpoint_max': 0, '_keep_checkpoint_every_n_hours': 10000, '_log_step_count_steps': 100, '_train_distribute': None, '_device_fn': None, '_protocol': None, '_eval_distribute': None, '_experimental_distribute': None, '_experimental_max_worker_delay_secs': None, '_session_creation_timeout_secs': 7200, '_service': None, '_cluster_spec': <tensorflow.python.training.server_lib.ClusterSpec object at 0x7f856b5db5f8>, '_task_type': 'worker', '_task_id': 0, '_global_id_in_cluster': 0, '_master': '', '_evaluation_master': '', '_is_chief': True, '_num_ps_replicas': 0, '_num_worker_replicas': 1, '_tpu_config': TPUConfig(iterations_per_loop=500, num_shards=1, num_cores_per_replica=None, per_host_input_for_training=3, tpu_job_name=None, initial_infeed_sleep_secs=None, input_partition_dims=None, eval_training_input_configuration=2, experimental_host_call_every_n_steps=1), '_cluster': None}
I0424 12:11:00.447684 140212767692608 estimator.py:212] Using config: {'_model_dir': '../data/paperwithcode/60Neg800unk/twofoldwithunk/fold1/models/cased_L-12_H-768_A-12_XLNet/', '_tf_random_seed': None, '_save_summary_steps': 100, '_save_checkpoints_steps': 500, '_save_checkpoints_secs': None, '_session_config': allow_soft_placement: true
, '_keep_checkpoint_max': 0, '_keep_checkpoint_every_n_hours': 10000, '_log_step_count_steps': 100, '_train_distribute': None, '_device_fn': None, '_protocol': None, '_eval_distribute': None, '_experimental_distribute': None, '_experimental_max_worker_delay_secs': None, '_session_creation_timeout_secs': 7200, '_service': None, '_cluster_spec': <tensorflow.python.training.server_lib.ClusterSpec object at 0x7f856b5db5f8>, '_task_type': 'worker', '_task_id': 0, '_global_id_in_cluster': 0, '_master': '', '_evaluation_master': '', '_is_chief': True, '_num_ps_replicas': 0, '_num_worker_replicas': 1, '_tpu_config': TPUConfig(iterations_per_loop=500, num_shards=1, num_cores_per_replica=None, per_host_input_for_training=3, tpu_job_name=None, initial_infeed_sleep_secs=None, input_partition_dims=None, eval_training_input_configuration=2, experimental_host_call_every_n_steps=1), '_cluster': None}
WARNING:tensorflow:Estimator's model_fn (<function get_model_fn.<locals>.model_fn at 0x7f856b5df7b8>) includes params argument, but params are not passed to Estimator.
W0424 12:11:00.448990 140212767692608 model_fn.py:630] Estimator's model_fn (<function get_model_fn.<locals>.model_fn at 0x7f856b5df7b8>) includes params argument, but params are not passed to Estimator.
INFO:tensorflow:Use tfrecord file ../data/paperwithcode/60Neg800unk/twofoldwithunk/fold1/models/cased_L-12_H-768_A-12_XLNet/spiece.model.len-512.train.tf_record
I0424 12:11:00.449529 140212767692608 run_sci_classifier.py:578] Use tfrecord file ../data/paperwithcode/60Neg800unk/twofoldwithunk/fold1/models/cased_L-12_H-768_A-12_XLNet/spiece.model.len-512.train.tf_record
INFO:tensorflow:Num of train samples: 142396
I0424 12:11:06.442918 140212767692608 run_sci_classifier.py:582] Num of train samples: 142396
WARNING:tensorflow:From run_sci_classifier.py:318: The name tf.FixedLenFeature is deprecated. Please use tf.io.FixedLenFeature instead.

W0424 12:11:06.444329 140212767692608 module_wrapper.py:139] From run_sci_classifier.py:318: The name tf.FixedLenFeature is deprecated. Please use tf.io.FixedLenFeature instead.

INFO:tensorflow:Input tfrecord file ../data/paperwithcode/60Neg800unk/twofoldwithunk/fold1/models/cased_L-12_H-768_A-12_XLNet/spiece.model.len-512.train.tf_record
I0424 12:11:06.444573 140212767692608 run_sci_classifier.py:327] Input tfrecord file ../data/paperwithcode/60Neg800unk/twofoldwithunk/fold1/models/cased_L-12_H-768_A-12_XLNet/spiece.model.len-512.train.tf_record
WARNING:tensorflow:From /opt/conda/envs/python3/lib/python3.6/site-packages/tensorflow_core/python/training/training_util.py:236: Variable.initialized_value (from tensorflow.python.ops.variables) is deprecated and will be removed in a future version.
Instructions for updating:
Use Variable.read_value. Variables in 2.X are initialized automatically both in eager and graph (inside tf.defun) contexts.
W0424 12:11:11.108736 140212767692608 deprecation.py:323] From /opt/conda/envs/python3/lib/python3.6/site-packages/tensorflow_core/python/training/training_util.py:236: Variable.initialized_value (from tensorflow.python.ops.variables) is deprecated and will be removed in a future version.
Instructions for updating:
Use Variable.read_value. Variables in 2.X are initialized automatically both in eager and graph (inside tf.defun) contexts.
WARNING:tensorflow:From run_sci_classifier.py:372: map_and_batch (from tensorflow.contrib.data.python.ops.batching) is deprecated and will be removed in a future version.
Instructions for updating:
Use `tf.data.experimental.map_and_batch(...)`.
W0424 12:11:11.210422 140212767692608 deprecation.py:323] From run_sci_classifier.py:372: map_and_batch (from tensorflow.contrib.data.python.ops.batching) is deprecated and will be removed in a future version.
Instructions for updating:
Use `tf.data.experimental.map_and_batch(...)`.
WARNING:tensorflow:From /opt/conda/envs/python3/lib/python3.6/site-packages/tensorflow_core/contrib/data/python/ops/batching.py:276: map_and_batch (from tensorflow.python.data.experimental.ops.batching) is deprecated and will be removed in a future version.
Instructions for updating:
Use `tf.data.Dataset.map(map_func, num_parallel_calls)` followed by `tf.data.Dataset.batch(batch_size, drop_remainder)`. Static tf.data optimizations will take care of using the fused implementation.
W0424 12:11:11.210655 140212767692608 deprecation.py:323] From /opt/conda/envs/python3/lib/python3.6/site-packages/tensorflow_core/contrib/data/python/ops/batching.py:276: map_and_batch (from tensorflow.python.data.experimental.ops.batching) is deprecated and will be removed in a future version.
Instructions for updating:
Use `tf.data.Dataset.map(map_func, num_parallel_calls)` followed by `tf.data.Dataset.batch(batch_size, drop_remainder)`. Static tf.data optimizations will take care of using the fused implementation.
WARNING:tensorflow:From /opt/conda/envs/python3/lib/python3.6/site-packages/tensorflow_core/python/autograph/converters/directives.py:119: The name tf.parse_single_example is deprecated. Please use tf.io.parse_single_example instead.

W0424 12:11:11.266714 140212767692608 module_wrapper.py:139] From /opt/conda/envs/python3/lib/python3.6/site-packages/tensorflow_core/python/autograph/converters/directives.py:119: The name tf.parse_single_example is deprecated. Please use tf.io.parse_single_example instead.

INFO:tensorflow:Calling model_fn.
I0424 12:11:11.373475 140212767692608 estimator.py:1148] Calling model_fn.
WARNING:tensorflow:From /nfs/home/kabenamualus/Research/task-dataset-metric-extraction/XLNet/xlnet.py:63: The name tf.gfile.Open is deprecated. Please use tf.io.gfile.GFile instead.

W0424 12:11:11.397396 140212767692608 module_wrapper.py:139] From /nfs/home/kabenamualus/Research/task-dataset-metric-extraction/XLNet/xlnet.py:63: The name tf.gfile.Open is deprecated. Please use tf.io.gfile.GFile instead.

WARNING:tensorflow:From /nfs/home/kabenamualus/Research/task-dataset-metric-extraction/XLNet/xlnet.py:220: The name tf.variable_scope is deprecated. Please use tf.compat.v1.variable_scope instead.

W0424 12:11:11.399634 140212767692608 module_wrapper.py:139] From /nfs/home/kabenamualus/Research/task-dataset-metric-extraction/XLNet/xlnet.py:220: The name tf.variable_scope is deprecated. Please use tf.compat.v1.variable_scope instead.

WARNING:tensorflow:From /nfs/home/kabenamualus/Research/task-dataset-metric-extraction/XLNet/xlnet.py:220: The name tf.AUTO_REUSE is deprecated. Please use tf.compat.v1.AUTO_REUSE instead.

W0424 12:11:11.399810 140212767692608 module_wrapper.py:139] From /nfs/home/kabenamualus/Research/task-dataset-metric-extraction/XLNet/xlnet.py:220: The name tf.AUTO_REUSE is deprecated. Please use tf.compat.v1.AUTO_REUSE instead.

INFO:tensorflow:memory input None
I0424 12:11:11.400057 140212767692608 modeling.py:453] memory input None
INFO:tensorflow:Use float type <dtype: 'float32'>
I0424 12:11:11.400179 140212767692608 modeling.py:455] Use float type <dtype: 'float32'>
WARNING:tensorflow:From /nfs/home/kabenamualus/Research/task-dataset-metric-extraction/XLNet/modeling.py:460: The name tf.get_variable is deprecated. Please use tf.compat.v1.get_variable instead.

W0424 12:11:11.400436 140212767692608 module_wrapper.py:139] From /nfs/home/kabenamualus/Research/task-dataset-metric-extraction/XLNet/modeling.py:460: The name tf.get_variable is deprecated. Please use tf.compat.v1.get_variable instead.

WARNING:tensorflow:From /nfs/home/kabenamualus/Research/task-dataset-metric-extraction/XLNet/modeling.py:535: dropout (from tensorflow.python.layers.core) is deprecated and will be removed in a future version.
Instructions for updating:
Use keras.layers.dropout instead.
W0424 12:11:11.459969 140212767692608 deprecation.py:323] From /nfs/home/kabenamualus/Research/task-dataset-metric-extraction/XLNet/modeling.py:535: dropout (from tensorflow.python.layers.core) is deprecated and will be removed in a future version.
Instructions for updating:
Use keras.layers.dropout instead.
WARNING:tensorflow:From /opt/conda/envs/python3/lib/python3.6/site-packages/tensorflow_core/python/layers/core.py:271: Layer.apply (from tensorflow.python.keras.engine.base_layer) is deprecated and will be removed in a future version.
Instructions for updating:
Please use `layer.__call__` method instead.
W0424 12:11:11.460452 140212767692608 deprecation.py:323] From /opt/conda/envs/python3/lib/python3.6/site-packages/tensorflow_core/python/layers/core.py:271: Layer.apply (from tensorflow.python.keras.engine.base_layer) is deprecated and will be removed in a future version.
Instructions for updating:
Please use `layer.__call__` method instead.
WARNING:tensorflow:From /nfs/home/kabenamualus/Research/task-dataset-metric-extraction/XLNet/modeling.py:67: dense (from tensorflow.python.layers.core) is deprecated and will be removed in a future version.
Instructions for updating:
Use keras.layers.Dense instead.
W0424 12:11:11.670677 140212767692608 deprecation.py:323] From /nfs/home/kabenamualus/Research/task-dataset-metric-extraction/XLNet/modeling.py:67: dense (from tensorflow.python.layers.core) is deprecated and will be removed in a future version.
Instructions for updating:
Use keras.layers.Dense instead.
WARNING:tensorflow:From run_sci_classifier.py:394: The name tf.trainable_variables is deprecated. Please use tf.compat.v1.trainable_variables instead.

W0424 12:11:14.065195 140212767692608 module_wrapper.py:139] From run_sci_classifier.py:394: The name tf.trainable_variables is deprecated. Please use tf.compat.v1.trainable_variables instead.

INFO:tensorflow:#params: 117309698
I0424 12:11:14.071060 140212767692608 run_sci_classifier.py:395] #params: 117309698
INFO:tensorflow:Initialize from the ckpt ./model/xlnet_cased_L-12_H-768_A-12/xlnet_model.ckpt
I0424 12:11:14.071212 140212767692608 model_utils.py:73] Initialize from the ckpt ./model/xlnet_cased_L-12_H-768_A-12/xlnet_model.ckpt
WARNING:tensorflow:From /nfs/home/kabenamualus/Research/task-dataset-metric-extraction/XLNet/model_utils.py:84: The name tf.train.init_from_checkpoint is deprecated. Please use tf.compat.v1.train.init_from_checkpoint instead.

W0424 12:11:14.076110 140212767692608 module_wrapper.py:139] From /nfs/home/kabenamualus/Research/task-dataset-metric-extraction/XLNet/model_utils.py:84: The name tf.train.init_from_checkpoint is deprecated. Please use tf.compat.v1.train.init_from_checkpoint instead.

INFO:tensorflow:**** Global Variables ****
I0424 12:11:14.429137 140212767692608 model_utils.py:87] **** Global Variables ****
INFO:tensorflow:  name = model/transformer/r_w_bias:0, shape = (12, 12, 64), *INIT_FROM_CKPT*
I0424 12:11:14.429326 140212767692608 model_utils.py:93]   name = model/transformer/r_w_bias:0, shape = (12, 12, 64), *INIT_FROM_CKPT*
INFO:tensorflow:  name = model/transformer/r_r_bias:0, shape = (12, 12, 64), *INIT_FROM_CKPT*
I0424 12:11:14.429450 140212767692608 model_utils.py:93]   name = model/transformer/r_r_bias:0, shape = (12, 12, 64), *INIT_FROM_CKPT*
INFO:tensorflow:  name = model/transformer/word_embedding/lookup_table:0, shape = (32000, 768), *INIT_FROM_CKPT*
I0424 12:11:14.429574 140212767692608 model_utils.py:93]   name = model/transformer/word_embedding/lookup_table:0, shape = (32000, 768), *INIT_FROM_CKPT*
INFO:tensorflow:  name = model/transformer/r_s_bias:0, shape = (12, 12, 64), *INIT_FROM_CKPT*
I0424 12:11:14.429666 140212767692608 model_utils.py:93]   name = model/transformer/r_s_bias:0, shape = (12, 12, 64), *INIT_FROM_CKPT*
INFO:tensorflow:  name = model/transformer/seg_embed:0, shape = (12, 2, 12, 64), *INIT_FROM_CKPT*
I0424 12:11:14.429779 140212767692608 model_utils.py:93]   name = model/transformer/seg_embed:0, shape = (12, 2, 12, 64), *INIT_FROM_CKPT*
INFO:tensorflow:  name = model/transformer/layer_0/rel_attn/q/kernel:0, shape = (768, 12, 64), *INIT_FROM_CKPT*
I0424 12:11:14.429868 140212767692608 model_utils.py:93]   name = model/transformer/layer_0/rel_attn/q/kernel:0, shape = (768, 12, 64), *INIT_FROM_CKPT*
INFO:tensorflow:  name = model/transformer/layer_0/rel_attn/k/kernel:0, shape = (768, 12, 64), *INIT_FROM_CKPT*
I0424 12:11:14.429983 140212767692608 model_utils.py:93]   name = model/transformer/layer_0/rel_attn/k/kernel:0, shape = (768, 12, 64), *INIT_FROM_CKPT*
INFO:tensorflow:  name = model/transformer/layer_0/rel_attn/v/kernel:0, shape = (768, 12, 64), *INIT_FROM_CKPT*
I0424 12:11:14.430072 140212767692608 model_utils.py:93]   name = model/transformer/layer_0/rel_attn/v/kernel:0, shape = (768, 12, 64), *INIT_FROM_CKPT*
INFO:tensorflow:  name = model/transformer/layer_0/rel_attn/r/kernel:0, shape = (768, 12, 64), *INIT_FROM_CKPT*
I0424 12:11:14.430161 140212767692608 model_utils.py:93]   name = model/transformer/layer_0/rel_attn/r/kernel:0, shape = (768, 12, 64), *INIT_FROM_CKPT*
INFO:tensorflow:  name = model/transformer/layer_0/rel_attn/o/kernel:0, shape = (768, 12, 64), *INIT_FROM_CKPT*
I0424 12:11:14.430248 140212767692608 model_utils.py:93]   name = model/transformer/layer_0/rel_attn/o/kernel:0, shape = (768, 12, 64), *INIT_FROM_CKPT*
INFO:tensorflow:  name = model/transformer/layer_0/rel_attn/LayerNorm/beta:0, shape = (768,), *INIT_FROM_CKPT*
I0424 12:11:14.430346 140212767692608 model_utils.py:93]   name = model/transformer/layer_0/rel_attn/LayerNorm/beta:0, shape = (768,), *INIT_FROM_CKPT*
INFO:tensorflow:  name = model/transformer/layer_0/rel_attn/LayerNorm/gamma:0, shape = (768,), *INIT_FROM_CKPT*
I0424 12:11:14.430422 140212767692608 model_utils.py:93]   name = model/transformer/layer_0/rel_attn/LayerNorm/gamma:0, shape = (768,), *INIT_FROM_CKPT*
INFO:tensorflow:  name = model/transformer/layer_0/ff/layer_1/kernel:0, shape = (768, 3072), *INIT_FROM_CKPT*
I0424 12:11:14.430498 140212767692608 model_utils.py:93]   name = model/transformer/layer_0/ff/layer_1/kernel:0, shape = (768, 3072), *INIT_FROM_CKPT*
INFO:tensorflow:  name = model/transformer/layer_0/ff/layer_1/bias:0, shape = (3072,), *INIT_FROM_CKPT*
I0424 12:11:14.430598 140212767692608 model_utils.py:93]   name = model/transformer/layer_0/ff/layer_1/bias:0, shape = (3072,), *INIT_FROM_CKPT*
INFO:tensorflow:  name = model/transformer/layer_0/ff/layer_2/kernel:0, shape = (3072, 768), *INIT_FROM_CKPT*
I0424 12:11:14.430691 140212767692608 model_utils.py:93]   name = model/transformer/layer_0/ff/layer_2/kernel:0, shape = (3072, 768), *INIT_FROM_CKPT*
INFO:tensorflow:  name = model/transformer/layer_0/ff/layer_2/bias:0, shape = (768,), *INIT_FROM_CKPT*
I0424 12:11:14.430769 140212767692608 model_utils.py:93]   name = model/transformer/layer_0/ff/layer_2/bias:0, shape = (768,), *INIT_FROM_CKPT*
INFO:tensorflow:  name = model/transformer/layer_0/ff/LayerNorm/beta:0, shape = (768,), *INIT_FROM_CKPT*
I0424 12:11:14.430862 140212767692608 model_utils.py:93]   name = model/transformer/layer_0/ff/LayerNorm/beta:0, shape = (768,), *INIT_FROM_CKPT*
INFO:tensorflow:  name = model/transformer/layer_0/ff/LayerNorm/gamma:0, shape = (768,), *INIT_FROM_CKPT*
I0424 12:11:14.430951 140212767692608 model_utils.py:93]   name = model/transformer/layer_0/ff/LayerNorm/gamma:0, shape = (768,), *INIT_FROM_CKPT*
INFO:tensorflow:  name = model/transformer/layer_1/rel_attn/q/kernel:0, shape = (768, 12, 64), *INIT_FROM_CKPT*
I0424 12:11:14.431042 140212767692608 model_utils.py:93]   name = model/transformer/layer_1/rel_attn/q/kernel:0, shape = (768, 12, 64), *INIT_FROM_CKPT*
INFO:tensorflow:  name = model/transformer/layer_1/rel_attn/k/kernel:0, shape = (768, 12, 64), *INIT_FROM_CKPT*
I0424 12:11:14.431122 140212767692608 model_utils.py:93]   name = model/transformer/layer_1/rel_attn/k/kernel:0, shape = (768, 12, 64), *INIT_FROM_CKPT*
INFO:tensorflow:  name = model/transformer/layer_1/rel_attn/v/kernel:0, shape = (768, 12, 64), *INIT_FROM_CKPT*
I0424 12:11:14.431204 140212767692608 model_utils.py:93]   name = model/transformer/layer_1/rel_attn/v/kernel:0, shape = (768, 12, 64), *INIT_FROM_CKPT*
INFO:tensorflow:  name = model/transformer/layer_1/rel_attn/r/kernel:0, shape = (768, 12, 64), *INIT_FROM_CKPT*
I0424 12:11:14.431307 140212767692608 model_utils.py:93]   name = model/transformer/layer_1/rel_attn/r/kernel:0, shape = (768, 12, 64), *INIT_FROM_CKPT*
INFO:tensorflow:  name = model/transformer/layer_1/rel_attn/o/kernel:0, shape = (768, 12, 64), *INIT_FROM_CKPT*
I0424 12:11:14.431389 140212767692608 model_utils.py:93]   name = model/transformer/layer_1/rel_attn/o/kernel:0, shape = (768, 12, 64), *INIT_FROM_CKPT*
INFO:tensorflow:  name = model/transformer/layer_1/rel_attn/LayerNorm/beta:0, shape = (768,), *INIT_FROM_CKPT*
I0424 12:11:14.431470 140212767692608 model_utils.py:93]   name = model/transformer/layer_1/rel_attn/LayerNorm/beta:0, shape = (768,), *INIT_FROM_CKPT*
INFO:tensorflow:  name = model/transformer/layer_1/rel_attn/LayerNorm/gamma:0, shape = (768,), *INIT_FROM_CKPT*
I0424 12:11:14.431550 140212767692608 model_utils.py:93]   name = model/transformer/layer_1/rel_attn/LayerNorm/gamma:0, shape = (768,), *INIT_FROM_CKPT*
INFO:tensorflow:  name = model/transformer/layer_1/ff/layer_1/kernel:0, shape = (768, 3072), *INIT_FROM_CKPT*
I0424 12:11:14.431645 140212767692608 model_utils.py:93]   name = model/transformer/layer_1/ff/layer_1/kernel:0, shape = (768, 3072), *INIT_FROM_CKPT*
INFO:tensorflow:  name = model/transformer/layer_1/ff/layer_1/bias:0, shape = (3072,), *INIT_FROM_CKPT*
I0424 12:11:14.431724 140212767692608 model_utils.py:93]   name = model/transformer/layer_1/ff/layer_1/bias:0, shape = (3072,), *INIT_FROM_CKPT*
INFO:tensorflow:  name = model/transformer/layer_1/ff/layer_2/kernel:0, shape = (3072, 768), *INIT_FROM_CKPT*
I0424 12:11:14.431818 140212767692608 model_utils.py:93]   name = model/transformer/layer_1/ff/layer_2/kernel:0, shape = (3072, 768), *INIT_FROM_CKPT*
INFO:tensorflow:  name = model/transformer/layer_1/ff/layer_2/bias:0, shape = (768,), *INIT_FROM_CKPT*
I0424 12:11:14.431895 140212767692608 model_utils.py:93]   name = model/transformer/layer_1/ff/layer_2/bias:0, shape = (768,), *INIT_FROM_CKPT*
INFO:tensorflow:  name = model/transformer/layer_1/ff/LayerNorm/beta:0, shape = (768,), *INIT_FROM_CKPT*
I0424 12:11:14.431971 140212767692608 model_utils.py:93]   name = model/transformer/layer_1/ff/LayerNorm/beta:0, shape = (768,), *INIT_FROM_CKPT*
INFO:tensorflow:  name = model/transformer/layer_1/ff/LayerNorm/gamma:0, shape = (768,), *INIT_FROM_CKPT*
I0424 12:11:14.432072 140212767692608 model_utils.py:93]   name = model/transformer/layer_1/ff/LayerNorm/gamma:0, shape = (768,), *INIT_FROM_CKPT*
INFO:tensorflow:  name = model/transformer/layer_2/rel_attn/q/kernel:0, shape = (768, 12, 64), *INIT_FROM_CKPT*
I0424 12:11:14.432165 140212767692608 model_utils.py:93]   name = model/transformer/layer_2/rel_attn/q/kernel:0, shape = (768, 12, 64), *INIT_FROM_CKPT*
INFO:tensorflow:  name = model/transformer/layer_2/rel_attn/k/kernel:0, shape = (768, 12, 64), *INIT_FROM_CKPT*
I0424 12:11:14.432244 140212767692608 model_utils.py:93]   name = model/transformer/layer_2/rel_attn/k/kernel:0, shape = (768, 12, 64), *INIT_FROM_CKPT*
INFO:tensorflow:  name = model/transformer/layer_2/rel_attn/v/kernel:0, shape = (768, 12, 64), *INIT_FROM_CKPT*
I0424 12:11:14.432325 140212767692608 model_utils.py:93]   name = model/transformer/layer_2/rel_attn/v/kernel:0, shape = (768, 12, 64), *INIT_FROM_CKPT*
INFO:tensorflow:  name = model/transformer/layer_2/rel_attn/r/kernel:0, shape = (768, 12, 64), *INIT_FROM_CKPT*
I0424 12:11:14.432404 140212767692608 model_utils.py:93]   name = model/transformer/layer_2/rel_attn/r/kernel:0, shape = (768, 12, 64), *INIT_FROM_CKPT*
INFO:tensorflow:  name = model/transformer/layer_2/rel_attn/o/kernel:0, shape = (768, 12, 64), *INIT_FROM_CKPT*
I0424 12:11:14.432484 140212767692608 model_utils.py:93]   name = model/transformer/layer_2/rel_attn/o/kernel:0, shape = (768, 12, 64), *INIT_FROM_CKPT*
INFO:tensorflow:  name = model/transformer/layer_2/rel_attn/LayerNorm/beta:0, shape = (768,), *INIT_FROM_CKPT*
I0424 12:11:14.432564 140212767692608 model_utils.py:93]   name = model/transformer/layer_2/rel_attn/LayerNorm/beta:0, shape = (768,), *INIT_FROM_CKPT*
INFO:tensorflow:  name = model/transformer/layer_2/rel_attn/LayerNorm/gamma:0, shape = (768,), *INIT_FROM_CKPT*
I0424 12:11:14.432660 140212767692608 model_utils.py:93]   name = model/transformer/layer_2/rel_attn/LayerNorm/gamma:0, shape = (768,), *INIT_FROM_CKPT*
INFO:tensorflow:  name = model/transformer/layer_2/ff/layer_1/kernel:0, shape = (768, 3072), *INIT_FROM_CKPT*
I0424 12:11:14.432751 140212767692608 model_utils.py:93]   name = model/transformer/layer_2/ff/layer_1/kernel:0, shape = (768, 3072), *INIT_FROM_CKPT*
INFO:tensorflow:  name = model/transformer/layer_2/ff/layer_1/bias:0, shape = (3072,), *INIT_FROM_CKPT*
I0424 12:11:14.432846 140212767692608 model_utils.py:93]   name = model/transformer/layer_2/ff/layer_1/bias:0, shape = (3072,), *INIT_FROM_CKPT*
INFO:tensorflow:  name = model/transformer/layer_2/ff/layer_2/kernel:0, shape = (3072, 768), *INIT_FROM_CKPT*
I0424 12:11:14.432938 140212767692608 model_utils.py:93]   name = model/transformer/layer_2/ff/layer_2/kernel:0, shape = (3072, 768), *INIT_FROM_CKPT*
INFO:tensorflow:  name = model/transformer/layer_2/ff/layer_2/bias:0, shape = (768,), *INIT_FROM_CKPT*
I0424 12:11:14.433041 140212767692608 model_utils.py:93]   name = model/transformer/layer_2/ff/layer_2/bias:0, shape = (768,), *INIT_FROM_CKPT*
INFO:tensorflow:  name = model/transformer/layer_2/ff/LayerNorm/beta:0, shape = (768,), *INIT_FROM_CKPT*
I0424 12:11:14.433143 140212767692608 model_utils.py:93]   name = model/transformer/layer_2/ff/LayerNorm/beta:0, shape = (768,), *INIT_FROM_CKPT*
INFO:tensorflow:  name = model/transformer/layer_2/ff/LayerNorm/gamma:0, shape = (768,), *INIT_FROM_CKPT*
I0424 12:11:14.433240 140212767692608 model_utils.py:93]   name = model/transformer/layer_2/ff/LayerNorm/gamma:0, shape = (768,), *INIT_FROM_CKPT*
INFO:tensorflow:  name = model/transformer/layer_3/rel_attn/q/kernel:0, shape = (768, 12, 64), *INIT_FROM_CKPT*
I0424 12:11:14.433335 140212767692608 model_utils.py:93]   name = model/transformer/layer_3/rel_attn/q/kernel:0, shape = (768, 12, 64), *INIT_FROM_CKPT*
INFO:tensorflow:  name = model/transformer/layer_3/rel_attn/k/kernel:0, shape = (768, 12, 64), *INIT_FROM_CKPT*
I0424 12:11:14.433419 140212767692608 model_utils.py:93]   name = model/transformer/layer_3/rel_attn/k/kernel:0, shape = (768, 12, 64), *INIT_FROM_CKPT*
INFO:tensorflow:  name = model/transformer/layer_3/rel_attn/v/kernel:0, shape = (768, 12, 64), *INIT_FROM_CKPT*
I0424 12:11:14.433504 140212767692608 model_utils.py:93]   name = model/transformer/layer_3/rel_attn/v/kernel:0, shape = (768, 12, 64), *INIT_FROM_CKPT*
INFO:tensorflow:  name = model/transformer/layer_3/rel_attn/r/kernel:0, shape = (768, 12, 64), *INIT_FROM_CKPT*
I0424 12:11:14.433589 140212767692608 model_utils.py:93]   name = model/transformer/layer_3/rel_attn/r/kernel:0, shape = (768, 12, 64), *INIT_FROM_CKPT*
INFO:tensorflow:  name = model/transformer/layer_3/rel_attn/o/kernel:0, shape = (768, 12, 64), *INIT_FROM_CKPT*
I0424 12:11:14.433674 140212767692608 model_utils.py:93]   name = model/transformer/layer_3/rel_attn/o/kernel:0, shape = (768, 12, 64), *INIT_FROM_CKPT*
INFO:tensorflow:  name = model/transformer/layer_3/rel_attn/LayerNorm/beta:0, shape = (768,), *INIT_FROM_CKPT*
I0424 12:11:14.433758 140212767692608 model_utils.py:93]   name = model/transformer/layer_3/rel_attn/LayerNorm/beta:0, shape = (768,), *INIT_FROM_CKPT*
INFO:tensorflow:  name = model/transformer/layer_3/rel_attn/LayerNorm/gamma:0, shape = (768,), *INIT_FROM_CKPT*
I0424 12:11:14.433858 140212767692608 model_utils.py:93]   name = model/transformer/layer_3/rel_attn/LayerNorm/gamma:0, shape = (768,), *INIT_FROM_CKPT*
INFO:tensorflow:  name = model/transformer/layer_3/ff/layer_1/kernel:0, shape = (768, 3072), *INIT_FROM_CKPT*
I0424 12:11:14.433954 140212767692608 model_utils.py:93]   name = model/transformer/layer_3/ff/layer_1/kernel:0, shape = (768, 3072), *INIT_FROM_CKPT*
INFO:tensorflow:  name = model/transformer/layer_3/ff/layer_1/bias:0, shape = (3072,), *INIT_FROM_CKPT*
I0424 12:11:14.434058 140212767692608 model_utils.py:93]   name = model/transformer/layer_3/ff/layer_1/bias:0, shape = (3072,), *INIT_FROM_CKPT*
INFO:tensorflow:  name = model/transformer/layer_3/ff/layer_2/kernel:0, shape = (3072, 768), *INIT_FROM_CKPT*
I0424 12:11:14.434154 140212767692608 model_utils.py:93]   name = model/transformer/layer_3/ff/layer_2/kernel:0, shape = (3072, 768), *INIT_FROM_CKPT*
INFO:tensorflow:  name = model/transformer/layer_3/ff/layer_2/bias:0, shape = (768,), *INIT_FROM_CKPT*
I0424 12:11:14.434264 140212767692608 model_utils.py:93]   name = model/transformer/layer_3/ff/layer_2/bias:0, shape = (768,), *INIT_FROM_CKPT*
INFO:tensorflow:  name = model/transformer/layer_3/ff/LayerNorm/beta:0, shape = (768,), *INIT_FROM_CKPT*
I0424 12:11:14.434353 140212767692608 model_utils.py:93]   name = model/transformer/layer_3/ff/LayerNorm/beta:0, shape = (768,), *INIT_FROM_CKPT*
INFO:tensorflow:  name = model/transformer/layer_3/ff/LayerNorm/gamma:0, shape = (768,), *INIT_FROM_CKPT*
I0424 12:11:14.434443 140212767692608 model_utils.py:93]   name = model/transformer/layer_3/ff/LayerNorm/gamma:0, shape = (768,), *INIT_FROM_CKPT*
INFO:tensorflow:  name = model/transformer/layer_4/rel_attn/q/kernel:0, shape = (768, 12, 64), *INIT_FROM_CKPT*
I0424 12:11:14.434532 140212767692608 model_utils.py:93]   name = model/transformer/layer_4/rel_attn/q/kernel:0, shape = (768, 12, 64), *INIT_FROM_CKPT*
INFO:tensorflow:  name = model/transformer/layer_4/rel_attn/k/kernel:0, shape = (768, 12, 64), *INIT_FROM_CKPT*
I0424 12:11:14.434629 140212767692608 model_utils.py:93]   name = model/transformer/layer_4/rel_attn/k/kernel:0, shape = (768, 12, 64), *INIT_FROM_CKPT*
INFO:tensorflow:  name = model/transformer/layer_4/rel_attn/v/kernel:0, shape = (768, 12, 64), *INIT_FROM_CKPT*
I0424 12:11:14.434707 140212767692608 model_utils.py:93]   name = model/transformer/layer_4/rel_attn/v/kernel:0, shape = (768, 12, 64), *INIT_FROM_CKPT*
INFO:tensorflow:  name = model/transformer/layer_4/rel_attn/r/kernel:0, shape = (768, 12, 64), *INIT_FROM_CKPT*
I0424 12:11:14.434787 140212767692608 model_utils.py:93]   name = model/transformer/layer_4/rel_attn/r/kernel:0, shape = (768, 12, 64), *INIT_FROM_CKPT*
INFO:tensorflow:  name = model/transformer/layer_4/rel_attn/o/kernel:0, shape = (768, 12, 64), *INIT_FROM_CKPT*
I0424 12:11:14.434866 140212767692608 model_utils.py:93]   name = model/transformer/layer_4/rel_attn/o/kernel:0, shape = (768, 12, 64), *INIT_FROM_CKPT*
INFO:tensorflow:  name = model/transformer/layer_4/rel_attn/LayerNorm/beta:0, shape = (768,), *INIT_FROM_CKPT*
I0424 12:11:14.434946 140212767692608 model_utils.py:93]   name = model/transformer/layer_4/rel_attn/LayerNorm/beta:0, shape = (768,), *INIT_FROM_CKPT*
INFO:tensorflow:  name = model/transformer/layer_4/rel_attn/LayerNorm/gamma:0, shape = (768,), *INIT_FROM_CKPT*
I0424 12:11:14.435038 140212767692608 model_utils.py:93]   name = model/transformer/layer_4/rel_attn/LayerNorm/gamma:0, shape = (768,), *INIT_FROM_CKPT*
INFO:tensorflow:  name = model/transformer/layer_4/ff/layer_1/kernel:0, shape = (768, 3072), *INIT_FROM_CKPT*
I0424 12:11:14.435127 140212767692608 model_utils.py:93]   name = model/transformer/layer_4/ff/layer_1/kernel:0, shape = (768, 3072), *INIT_FROM_CKPT*
INFO:tensorflow:  name = model/transformer/layer_4/ff/layer_1/bias:0, shape = (3072,), *INIT_FROM_CKPT*
I0424 12:11:14.435204 140212767692608 model_utils.py:93]   name = model/transformer/layer_4/ff/layer_1/bias:0, shape = (3072,), *INIT_FROM_CKPT*
INFO:tensorflow:  name = model/transformer/layer_4/ff/layer_2/kernel:0, shape = (3072, 768), *INIT_FROM_CKPT*
I0424 12:11:14.435296 140212767692608 model_utils.py:93]   name = model/transformer/layer_4/ff/layer_2/kernel:0, shape = (3072, 768), *INIT_FROM_CKPT*
INFO:tensorflow:  name = model/transformer/layer_4/ff/layer_2/bias:0, shape = (768,), *INIT_FROM_CKPT*
I0424 12:11:14.435391 140212767692608 model_utils.py:93]   name = model/transformer/layer_4/ff/layer_2/bias:0, shape = (768,), *INIT_FROM_CKPT*
INFO:tensorflow:  name = model/transformer/layer_4/ff/LayerNorm/beta:0, shape = (768,), *INIT_FROM_CKPT*
I0424 12:11:14.435483 140212767692608 model_utils.py:93]   name = model/transformer/layer_4/ff/LayerNorm/beta:0, shape = (768,), *INIT_FROM_CKPT*
INFO:tensorflow:  name = model/transformer/layer_4/ff/LayerNorm/gamma:0, shape = (768,), *INIT_FROM_CKPT*
I0424 12:11:14.435574 140212767692608 model_utils.py:93]   name = model/transformer/layer_4/ff/LayerNorm/gamma:0, shape = (768,), *INIT_FROM_CKPT*
INFO:tensorflow:  name = model/transformer/layer_5/rel_attn/q/kernel:0, shape = (768, 12, 64), *INIT_FROM_CKPT*
I0424 12:11:14.435663 140212767692608 model_utils.py:93]   name = model/transformer/layer_5/rel_attn/q/kernel:0, shape = (768, 12, 64), *INIT_FROM_CKPT*
INFO:tensorflow:  name = model/transformer/layer_5/rel_attn/k/kernel:0, shape = (768, 12, 64), *INIT_FROM_CKPT*
I0424 12:11:14.435743 140212767692608 model_utils.py:93]   name = model/transformer/layer_5/rel_attn/k/kernel:0, shape = (768, 12, 64), *INIT_FROM_CKPT*
INFO:tensorflow:  name = model/transformer/layer_5/rel_attn/v/kernel:0, shape = (768, 12, 64), *INIT_FROM_CKPT*
I0424 12:11:14.435823 140212767692608 model_utils.py:93]   name = model/transformer/layer_5/rel_attn/v/kernel:0, shape = (768, 12, 64), *INIT_FROM_CKPT*
INFO:tensorflow:  name = model/transformer/layer_5/rel_attn/r/kernel:0, shape = (768, 12, 64), *INIT_FROM_CKPT*
I0424 12:11:14.435903 140212767692608 model_utils.py:93]   name = model/transformer/layer_5/rel_attn/r/kernel:0, shape = (768, 12, 64), *INIT_FROM_CKPT*
INFO:tensorflow:  name = model/transformer/layer_5/rel_attn/o/kernel:0, shape = (768, 12, 64), *INIT_FROM_CKPT*
I0424 12:11:14.435982 140212767692608 model_utils.py:93]   name = model/transformer/layer_5/rel_attn/o/kernel:0, shape = (768, 12, 64), *INIT_FROM_CKPT*
INFO:tensorflow:  name = model/transformer/layer_5/rel_attn/LayerNorm/beta:0, shape = (768,), *INIT_FROM_CKPT*
I0424 12:11:14.436062 140212767692608 model_utils.py:93]   name = model/transformer/layer_5/rel_attn/LayerNorm/beta:0, shape = (768,), *INIT_FROM_CKPT*
INFO:tensorflow:  name = model/transformer/layer_5/rel_attn/LayerNorm/gamma:0, shape = (768,), *INIT_FROM_CKPT*
I0424 12:11:14.436154 140212767692608 model_utils.py:93]   name = model/transformer/layer_5/rel_attn/LayerNorm/gamma:0, shape = (768,), *INIT_FROM_CKPT*
INFO:tensorflow:  name = model/transformer/layer_5/ff/layer_1/kernel:0, shape = (768, 3072), *INIT_FROM_CKPT*
I0424 12:11:14.436244 140212767692608 model_utils.py:93]   name = model/transformer/layer_5/ff/layer_1/kernel:0, shape = (768, 3072), *INIT_FROM_CKPT*
INFO:tensorflow:  name = model/transformer/layer_5/ff/layer_1/bias:0, shape = (3072,), *INIT_FROM_CKPT*
I0424 12:11:14.436320 140212767692608 model_utils.py:93]   name = model/transformer/layer_5/ff/layer_1/bias:0, shape = (3072,), *INIT_FROM_CKPT*
INFO:tensorflow:  name = model/transformer/layer_5/ff/layer_2/kernel:0, shape = (3072, 768), *INIT_FROM_CKPT*
I0424 12:11:14.436413 140212767692608 model_utils.py:93]   name = model/transformer/layer_5/ff/layer_2/kernel:0, shape = (3072, 768), *INIT_FROM_CKPT*
INFO:tensorflow:  name = model/transformer/layer_5/ff/layer_2/bias:0, shape = (768,), *INIT_FROM_CKPT*
I0424 12:11:14.436507 140212767692608 model_utils.py:93]   name = model/transformer/layer_5/ff/layer_2/bias:0, shape = (768,), *INIT_FROM_CKPT*
INFO:tensorflow:  name = model/transformer/layer_5/ff/LayerNorm/beta:0, shape = (768,), *INIT_FROM_CKPT*
I0424 12:11:14.436596 140212767692608 model_utils.py:93]   name = model/transformer/layer_5/ff/LayerNorm/beta:0, shape = (768,), *INIT_FROM_CKPT*
INFO:tensorflow:  name = model/transformer/layer_5/ff/LayerNorm/gamma:0, shape = (768,), *INIT_FROM_CKPT*
I0424 12:11:14.436685 140212767692608 model_utils.py:93]   name = model/transformer/layer_5/ff/LayerNorm/gamma:0, shape = (768,), *INIT_FROM_CKPT*
INFO:tensorflow:  name = model/transformer/layer_6/rel_attn/q/kernel:0, shape = (768, 12, 64), *INIT_FROM_CKPT*
I0424 12:11:14.436774 140212767692608 model_utils.py:93]   name = model/transformer/layer_6/rel_attn/q/kernel:0, shape = (768, 12, 64), *INIT_FROM_CKPT*
INFO:tensorflow:  name = model/transformer/layer_6/rel_attn/k/kernel:0, shape = (768, 12, 64), *INIT_FROM_CKPT*
I0424 12:11:14.436873 140212767692608 model_utils.py:93]   name = model/transformer/layer_6/rel_attn/k/kernel:0, shape = (768, 12, 64), *INIT_FROM_CKPT*
INFO:tensorflow:  name = model/transformer/layer_6/rel_attn/v/kernel:0, shape = (768, 12, 64), *INIT_FROM_CKPT*
I0424 12:11:14.436952 140212767692608 model_utils.py:93]   name = model/transformer/layer_6/rel_attn/v/kernel:0, shape = (768, 12, 64), *INIT_FROM_CKPT*
INFO:tensorflow:  name = model/transformer/layer_6/rel_attn/r/kernel:0, shape = (768, 12, 64), *INIT_FROM_CKPT*
I0424 12:11:14.437061 140212767692608 model_utils.py:93]   name = model/transformer/layer_6/rel_attn/r/kernel:0, shape = (768, 12, 64), *INIT_FROM_CKPT*
INFO:tensorflow:  name = model/transformer/layer_6/rel_attn/o/kernel:0, shape = (768, 12, 64), *INIT_FROM_CKPT*
I0424 12:11:14.437146 140212767692608 model_utils.py:93]   name = model/transformer/layer_6/rel_attn/o/kernel:0, shape = (768, 12, 64), *INIT_FROM_CKPT*
INFO:tensorflow:  name = model/transformer/layer_6/rel_attn/LayerNorm/beta:0, shape = (768,), *INIT_FROM_CKPT*
I0424 12:11:14.437231 140212767692608 model_utils.py:93]   name = model/transformer/layer_6/rel_attn/LayerNorm/beta:0, shape = (768,), *INIT_FROM_CKPT*
INFO:tensorflow:  name = model/transformer/layer_6/rel_attn/LayerNorm/gamma:0, shape = (768,), *INIT_FROM_CKPT*
I0424 12:11:14.437331 140212767692608 model_utils.py:93]   name = model/transformer/layer_6/rel_attn/LayerNorm/gamma:0, shape = (768,), *INIT_FROM_CKPT*
INFO:tensorflow:  name = model/transformer/layer_6/ff/layer_1/kernel:0, shape = (768, 3072), *INIT_FROM_CKPT*
I0424 12:11:14.437428 140212767692608 model_utils.py:93]   name = model/transformer/layer_6/ff/layer_1/kernel:0, shape = (768, 3072), *INIT_FROM_CKPT*
INFO:tensorflow:  name = model/transformer/layer_6/ff/layer_1/bias:0, shape = (3072,), *INIT_FROM_CKPT*
I0424 12:11:14.437528 140212767692608 model_utils.py:93]   name = model/transformer/layer_6/ff/layer_1/bias:0, shape = (3072,), *INIT_FROM_CKPT*
INFO:tensorflow:  name = model/transformer/layer_6/ff/layer_2/kernel:0, shape = (3072, 768), *INIT_FROM_CKPT*
I0424 12:11:14.437623 140212767692608 model_utils.py:93]   name = model/transformer/layer_6/ff/layer_2/kernel:0, shape = (3072, 768), *INIT_FROM_CKPT*
INFO:tensorflow:  name = model/transformer/layer_6/ff/layer_2/bias:0, shape = (768,), *INIT_FROM_CKPT*
I0424 12:11:14.437705 140212767692608 model_utils.py:93]   name = model/transformer/layer_6/ff/layer_2/bias:0, shape = (768,), *INIT_FROM_CKPT*
INFO:tensorflow:  name = model/transformer/layer_6/ff/LayerNorm/beta:0, shape = (768,), *INIT_FROM_CKPT*
I0424 12:11:14.437802 140212767692608 model_utils.py:93]   name = model/transformer/layer_6/ff/LayerNorm/beta:0, shape = (768,), *INIT_FROM_CKPT*
INFO:tensorflow:  name = model/transformer/layer_6/ff/LayerNorm/gamma:0, shape = (768,), *INIT_FROM_CKPT*
I0424 12:11:14.437897 140212767692608 model_utils.py:93]   name = model/transformer/layer_6/ff/LayerNorm/gamma:0, shape = (768,), *INIT_FROM_CKPT*
INFO:tensorflow:  name = model/transformer/layer_7/rel_attn/q/kernel:0, shape = (768, 12, 64), *INIT_FROM_CKPT*
I0424 12:11:14.437991 140212767692608 model_utils.py:93]   name = model/transformer/layer_7/rel_attn/q/kernel:0, shape = (768, 12, 64), *INIT_FROM_CKPT*
INFO:tensorflow:  name = model/transformer/layer_7/rel_attn/k/kernel:0, shape = (768, 12, 64), *INIT_FROM_CKPT*
I0424 12:11:14.438075 140212767692608 model_utils.py:93]   name = model/transformer/layer_7/rel_attn/k/kernel:0, shape = (768, 12, 64), *INIT_FROM_CKPT*
INFO:tensorflow:  name = model/transformer/layer_7/rel_attn/v/kernel:0, shape = (768, 12, 64), *INIT_FROM_CKPT*
I0424 12:11:14.438160 140212767692608 model_utils.py:93]   name = model/transformer/layer_7/rel_attn/v/kernel:0, shape = (768, 12, 64), *INIT_FROM_CKPT*
INFO:tensorflow:  name = model/transformer/layer_7/rel_attn/r/kernel:0, shape = (768, 12, 64), *INIT_FROM_CKPT*
I0424 12:11:14.438253 140212767692608 model_utils.py:93]   name = model/transformer/layer_7/rel_attn/r/kernel:0, shape = (768, 12, 64), *INIT_FROM_CKPT*
INFO:tensorflow:  name = model/transformer/layer_7/rel_attn/o/kernel:0, shape = (768, 12, 64), *INIT_FROM_CKPT*
I0424 12:11:14.438354 140212767692608 model_utils.py:93]   name = model/transformer/layer_7/rel_attn/o/kernel:0, shape = (768, 12, 64), *INIT_FROM_CKPT*
INFO:tensorflow:  name = model/transformer/layer_7/rel_attn/LayerNorm/beta:0, shape = (768,), *INIT_FROM_CKPT*
I0424 12:11:14.438432 140212767692608 model_utils.py:93]   name = model/transformer/layer_7/rel_attn/LayerNorm/beta:0, shape = (768,), *INIT_FROM_CKPT*
INFO:tensorflow:  name = model/transformer/layer_7/rel_attn/LayerNorm/gamma:0, shape = (768,), *INIT_FROM_CKPT*
I0424 12:11:14.438526 140212767692608 model_utils.py:93]   name = model/transformer/layer_7/rel_attn/LayerNorm/gamma:0, shape = (768,), *INIT_FROM_CKPT*
INFO:tensorflow:  name = model/transformer/layer_7/ff/layer_1/kernel:0, shape = (768, 3072), *INIT_FROM_CKPT*
I0424 12:11:14.438616 140212767692608 model_utils.py:93]   name = model/transformer/layer_7/ff/layer_1/kernel:0, shape = (768, 3072), *INIT_FROM_CKPT*
INFO:tensorflow:  name = model/transformer/layer_7/ff/layer_1/bias:0, shape = (3072,), *INIT_FROM_CKPT*
I0424 12:11:14.438709 140212767692608 model_utils.py:93]   name = model/transformer/layer_7/ff/layer_1/bias:0, shape = (3072,), *INIT_FROM_CKPT*
INFO:tensorflow:  name = model/transformer/layer_7/ff/layer_2/kernel:0, shape = (3072, 768), *INIT_FROM_CKPT*
I0424 12:11:14.438800 140212767692608 model_utils.py:93]   name = model/transformer/layer_7/ff/layer_2/kernel:0, shape = (3072, 768), *INIT_FROM_CKPT*
INFO:tensorflow:  name = model/transformer/layer_7/ff/layer_2/bias:0, shape = (768,), *INIT_FROM_CKPT*
I0424 12:11:14.438894 140212767692608 model_utils.py:93]   name = model/transformer/layer_7/ff/layer_2/bias:0, shape = (768,), *INIT_FROM_CKPT*
INFO:tensorflow:  name = model/transformer/layer_7/ff/LayerNorm/beta:0, shape = (768,), *INIT_FROM_CKPT*
I0424 12:11:14.438984 140212767692608 model_utils.py:93]   name = model/transformer/layer_7/ff/LayerNorm/beta:0, shape = (768,), *INIT_FROM_CKPT*
INFO:tensorflow:  name = model/transformer/layer_7/ff/LayerNorm/gamma:0, shape = (768,), *INIT_FROM_CKPT*
I0424 12:11:14.439072 140212767692608 model_utils.py:93]   name = model/transformer/layer_7/ff/LayerNorm/gamma:0, shape = (768,), *INIT_FROM_CKPT*
INFO:tensorflow:  name = model/transformer/layer_8/rel_attn/q/kernel:0, shape = (768, 12, 64), *INIT_FROM_CKPT*
I0424 12:11:14.439161 140212767692608 model_utils.py:93]   name = model/transformer/layer_8/rel_attn/q/kernel:0, shape = (768, 12, 64), *INIT_FROM_CKPT*
INFO:tensorflow:  name = model/transformer/layer_8/rel_attn/k/kernel:0, shape = (768, 12, 64), *INIT_FROM_CKPT*
I0424 12:11:14.439258 140212767692608 model_utils.py:93]   name = model/transformer/layer_8/rel_attn/k/kernel:0, shape = (768, 12, 64), *INIT_FROM_CKPT*
INFO:tensorflow:  name = model/transformer/layer_8/rel_attn/v/kernel:0, shape = (768, 12, 64), *INIT_FROM_CKPT*
I0424 12:11:14.439336 140212767692608 model_utils.py:93]   name = model/transformer/layer_8/rel_attn/v/kernel:0, shape = (768, 12, 64), *INIT_FROM_CKPT*
INFO:tensorflow:  name = model/transformer/layer_8/rel_attn/r/kernel:0, shape = (768, 12, 64), *INIT_FROM_CKPT*
I0424 12:11:14.439415 140212767692608 model_utils.py:93]   name = model/transformer/layer_8/rel_attn/r/kernel:0, shape = (768, 12, 64), *INIT_FROM_CKPT*
INFO:tensorflow:  name = model/transformer/layer_8/rel_attn/o/kernel:0, shape = (768, 12, 64), *INIT_FROM_CKPT*
I0424 12:11:14.439494 140212767692608 model_utils.py:93]   name = model/transformer/layer_8/rel_attn/o/kernel:0, shape = (768, 12, 64), *INIT_FROM_CKPT*
INFO:tensorflow:  name = model/transformer/layer_8/rel_attn/LayerNorm/beta:0, shape = (768,), *INIT_FROM_CKPT*
I0424 12:11:14.439574 140212767692608 model_utils.py:93]   name = model/transformer/layer_8/rel_attn/LayerNorm/beta:0, shape = (768,), *INIT_FROM_CKPT*
INFO:tensorflow:  name = model/transformer/layer_8/rel_attn/LayerNorm/gamma:0, shape = (768,), *INIT_FROM_CKPT*
I0424 12:11:14.439670 140212767692608 model_utils.py:93]   name = model/transformer/layer_8/rel_attn/LayerNorm/gamma:0, shape = (768,), *INIT_FROM_CKPT*
INFO:tensorflow:  name = model/transformer/layer_8/ff/layer_1/kernel:0, shape = (768, 3072), *INIT_FROM_CKPT*
I0424 12:11:14.439761 140212767692608 model_utils.py:93]   name = model/transformer/layer_8/ff/layer_1/kernel:0, shape = (768, 3072), *INIT_FROM_CKPT*
INFO:tensorflow:  name = model/transformer/layer_8/ff/layer_1/bias:0, shape = (3072,), *INIT_FROM_CKPT*
I0424 12:11:14.439838 140212767692608 model_utils.py:93]   name = model/transformer/layer_8/ff/layer_1/bias:0, shape = (3072,), *INIT_FROM_CKPT*
INFO:tensorflow:  name = model/transformer/layer_8/ff/layer_2/kernel:0, shape = (3072, 768), *INIT_FROM_CKPT*
I0424 12:11:14.439931 140212767692608 model_utils.py:93]   name = model/transformer/layer_8/ff/layer_2/kernel:0, shape = (3072, 768), *INIT_FROM_CKPT*
INFO:tensorflow:  name = model/transformer/layer_8/ff/layer_2/bias:0, shape = (768,), *INIT_FROM_CKPT*
I0424 12:11:14.440026 140212767692608 model_utils.py:93]   name = model/transformer/layer_8/ff/layer_2/bias:0, shape = (768,), *INIT_FROM_CKPT*
INFO:tensorflow:  name = model/transformer/layer_8/ff/LayerNorm/beta:0, shape = (768,), *INIT_FROM_CKPT*
I0424 12:11:14.440115 140212767692608 model_utils.py:93]   name = model/transformer/layer_8/ff/LayerNorm/beta:0, shape = (768,), *INIT_FROM_CKPT*
INFO:tensorflow:  name = model/transformer/layer_8/ff/LayerNorm/gamma:0, shape = (768,), *INIT_FROM_CKPT*
I0424 12:11:14.440204 140212767692608 model_utils.py:93]   name = model/transformer/layer_8/ff/LayerNorm/gamma:0, shape = (768,), *INIT_FROM_CKPT*
INFO:tensorflow:  name = model/transformer/layer_9/rel_attn/q/kernel:0, shape = (768, 12, 64), *INIT_FROM_CKPT*
I0424 12:11:14.440293 140212767692608 model_utils.py:93]   name = model/transformer/layer_9/rel_attn/q/kernel:0, shape = (768, 12, 64), *INIT_FROM_CKPT*
INFO:tensorflow:  name = model/transformer/layer_9/rel_attn/k/kernel:0, shape = (768, 12, 64), *INIT_FROM_CKPT*
I0424 12:11:14.440372 140212767692608 model_utils.py:93]   name = model/transformer/layer_9/rel_attn/k/kernel:0, shape = (768, 12, 64), *INIT_FROM_CKPT*
INFO:tensorflow:  name = model/transformer/layer_9/rel_attn/v/kernel:0, shape = (768, 12, 64), *INIT_FROM_CKPT*
I0424 12:11:14.440452 140212767692608 model_utils.py:93]   name = model/transformer/layer_9/rel_attn/v/kernel:0, shape = (768, 12, 64), *INIT_FROM_CKPT*
INFO:tensorflow:  name = model/transformer/layer_9/rel_attn/r/kernel:0, shape = (768, 12, 64), *INIT_FROM_CKPT*
I0424 12:11:14.440531 140212767692608 model_utils.py:93]   name = model/transformer/layer_9/rel_attn/r/kernel:0, shape = (768, 12, 64), *INIT_FROM_CKPT*
INFO:tensorflow:  name = model/transformer/layer_9/rel_attn/o/kernel:0, shape = (768, 12, 64), *INIT_FROM_CKPT*
I0424 12:11:14.440611 140212767692608 model_utils.py:93]   name = model/transformer/layer_9/rel_attn/o/kernel:0, shape = (768, 12, 64), *INIT_FROM_CKPT*
INFO:tensorflow:  name = model/transformer/layer_9/rel_attn/LayerNorm/beta:0, shape = (768,), *INIT_FROM_CKPT*
I0424 12:11:14.440690 140212767692608 model_utils.py:93]   name = model/transformer/layer_9/rel_attn/LayerNorm/beta:0, shape = (768,), *INIT_FROM_CKPT*
INFO:tensorflow:  name = model/transformer/layer_9/rel_attn/LayerNorm/gamma:0, shape = (768,), *INIT_FROM_CKPT*
I0424 12:11:14.440783 140212767692608 model_utils.py:93]   name = model/transformer/layer_9/rel_attn/LayerNorm/gamma:0, shape = (768,), *INIT_FROM_CKPT*
INFO:tensorflow:  name = model/transformer/layer_9/ff/layer_1/kernel:0, shape = (768, 3072), *INIT_FROM_CKPT*
I0424 12:11:14.440873 140212767692608 model_utils.py:93]   name = model/transformer/layer_9/ff/layer_1/kernel:0, shape = (768, 3072), *INIT_FROM_CKPT*
INFO:tensorflow:  name = model/transformer/layer_9/ff/layer_1/bias:0, shape = (3072,), *INIT_FROM_CKPT*
I0424 12:11:14.440966 140212767692608 model_utils.py:93]   name = model/transformer/layer_9/ff/layer_1/bias:0, shape = (3072,), *INIT_FROM_CKPT*
INFO:tensorflow:  name = model/transformer/layer_9/ff/layer_2/kernel:0, shape = (3072, 768), *INIT_FROM_CKPT*
I0424 12:11:14.441091 140212767692608 model_utils.py:93]   name = model/transformer/layer_9/ff/layer_2/kernel:0, shape = (3072, 768), *INIT_FROM_CKPT*
INFO:tensorflow:  name = model/transformer/layer_9/ff/layer_2/bias:0, shape = (768,), *INIT_FROM_CKPT*
I0424 12:11:14.441193 140212767692608 model_utils.py:93]   name = model/transformer/layer_9/ff/layer_2/bias:0, shape = (768,), *INIT_FROM_CKPT*
INFO:tensorflow:  name = model/transformer/layer_9/ff/LayerNorm/beta:0, shape = (768,), *INIT_FROM_CKPT*
I0424 12:11:14.441289 140212767692608 model_utils.py:93]   name = model/transformer/layer_9/ff/LayerNorm/beta:0, shape = (768,), *INIT_FROM_CKPT*
INFO:tensorflow:  name = model/transformer/layer_9/ff/LayerNorm/gamma:0, shape = (768,), *INIT_FROM_CKPT*
I0424 12:11:14.441383 140212767692608 model_utils.py:93]   name = model/transformer/layer_9/ff/LayerNorm/gamma:0, shape = (768,), *INIT_FROM_CKPT*
INFO:tensorflow:  name = model/transformer/layer_10/rel_attn/q/kernel:0, shape = (768, 12, 64), *INIT_FROM_CKPT*
I0424 12:11:14.441478 140212767692608 model_utils.py:93]   name = model/transformer/layer_10/rel_attn/q/kernel:0, shape = (768, 12, 64), *INIT_FROM_CKPT*
INFO:tensorflow:  name = model/transformer/layer_10/rel_attn/k/kernel:0, shape = (768, 12, 64), *INIT_FROM_CKPT*
I0424 12:11:14.441561 140212767692608 model_utils.py:93]   name = model/transformer/layer_10/rel_attn/k/kernel:0, shape = (768, 12, 64), *INIT_FROM_CKPT*
INFO:tensorflow:  name = model/transformer/layer_10/rel_attn/v/kernel:0, shape = (768, 12, 64), *INIT_FROM_CKPT*
I0424 12:11:14.441646 140212767692608 model_utils.py:93]   name = model/transformer/layer_10/rel_attn/v/kernel:0, shape = (768, 12, 64), *INIT_FROM_CKPT*
INFO:tensorflow:  name = model/transformer/layer_10/rel_attn/r/kernel:0, shape = (768, 12, 64), *INIT_FROM_CKPT*
I0424 12:11:14.441731 140212767692608 model_utils.py:93]   name = model/transformer/layer_10/rel_attn/r/kernel:0, shape = (768, 12, 64), *INIT_FROM_CKPT*
INFO:tensorflow:  name = model/transformer/layer_10/rel_attn/o/kernel:0, shape = (768, 12, 64), *INIT_FROM_CKPT*
I0424 12:11:14.441817 140212767692608 model_utils.py:93]   name = model/transformer/layer_10/rel_attn/o/kernel:0, shape = (768, 12, 64), *INIT_FROM_CKPT*
INFO:tensorflow:  name = model/transformer/layer_10/rel_attn/LayerNorm/beta:0, shape = (768,), *INIT_FROM_CKPT*
I0424 12:11:14.441902 140212767692608 model_utils.py:93]   name = model/transformer/layer_10/rel_attn/LayerNorm/beta:0, shape = (768,), *INIT_FROM_CKPT*
INFO:tensorflow:  name = model/transformer/layer_10/rel_attn/LayerNorm/gamma:0, shape = (768,), *INIT_FROM_CKPT*
I0424 12:11:14.442001 140212767692608 model_utils.py:93]   name = model/transformer/layer_10/rel_attn/LayerNorm/gamma:0, shape = (768,), *INIT_FROM_CKPT*
INFO:tensorflow:  name = model/transformer/layer_10/ff/layer_1/kernel:0, shape = (768, 3072), *INIT_FROM_CKPT*
I0424 12:11:14.442096 140212767692608 model_utils.py:93]   name = model/transformer/layer_10/ff/layer_1/kernel:0, shape = (768, 3072), *INIT_FROM_CKPT*
INFO:tensorflow:  name = model/transformer/layer_10/ff/layer_1/bias:0, shape = (3072,), *INIT_FROM_CKPT*
I0424 12:11:14.442197 140212767692608 model_utils.py:93]   name = model/transformer/layer_10/ff/layer_1/bias:0, shape = (3072,), *INIT_FROM_CKPT*
INFO:tensorflow:  name = model/transformer/layer_10/ff/layer_2/kernel:0, shape = (3072, 768), *INIT_FROM_CKPT*
I0424 12:11:14.442298 140212767692608 model_utils.py:93]   name = model/transformer/layer_10/ff/layer_2/kernel:0, shape = (3072, 768), *INIT_FROM_CKPT*
INFO:tensorflow:  name = model/transformer/layer_10/ff/layer_2/bias:0, shape = (768,), *INIT_FROM_CKPT*
I0424 12:11:14.442392 140212767692608 model_utils.py:93]   name = model/transformer/layer_10/ff/layer_2/bias:0, shape = (768,), *INIT_FROM_CKPT*
INFO:tensorflow:  name = model/transformer/layer_10/ff/LayerNorm/beta:0, shape = (768,), *INIT_FROM_CKPT*
I0424 12:11:14.442481 140212767692608 model_utils.py:93]   name = model/transformer/layer_10/ff/LayerNorm/beta:0, shape = (768,), *INIT_FROM_CKPT*
INFO:tensorflow:  name = model/transformer/layer_10/ff/LayerNorm/gamma:0, shape = (768,), *INIT_FROM_CKPT*
I0424 12:11:14.442573 140212767692608 model_utils.py:93]   name = model/transformer/layer_10/ff/LayerNorm/gamma:0, shape = (768,), *INIT_FROM_CKPT*
INFO:tensorflow:  name = model/transformer/layer_11/rel_attn/q/kernel:0, shape = (768, 12, 64), *INIT_FROM_CKPT*
I0424 12:11:14.442665 140212767692608 model_utils.py:93]   name = model/transformer/layer_11/rel_attn/q/kernel:0, shape = (768, 12, 64), *INIT_FROM_CKPT*
INFO:tensorflow:  name = model/transformer/layer_11/rel_attn/k/kernel:0, shape = (768, 12, 64), *INIT_FROM_CKPT*
I0424 12:11:14.442761 140212767692608 model_utils.py:93]   name = model/transformer/layer_11/rel_attn/k/kernel:0, shape = (768, 12, 64), *INIT_FROM_CKPT*
INFO:tensorflow:  name = model/transformer/layer_11/rel_attn/v/kernel:0, shape = (768, 12, 64), *INIT_FROM_CKPT*
I0424 12:11:14.442857 140212767692608 model_utils.py:93]   name = model/transformer/layer_11/rel_attn/v/kernel:0, shape = (768, 12, 64), *INIT_FROM_CKPT*
INFO:tensorflow:  name = model/transformer/layer_11/rel_attn/r/kernel:0, shape = (768, 12, 64), *INIT_FROM_CKPT*
I0424 12:11:14.442952 140212767692608 model_utils.py:93]   name = model/transformer/layer_11/rel_attn/r/kernel:0, shape = (768, 12, 64), *INIT_FROM_CKPT*
INFO:tensorflow:  name = model/transformer/layer_11/rel_attn/o/kernel:0, shape = (768, 12, 64), *INIT_FROM_CKPT*
I0424 12:11:14.443030 140212767692608 model_utils.py:93]   name = model/transformer/layer_11/rel_attn/o/kernel:0, shape = (768, 12, 64), *INIT_FROM_CKPT*
INFO:tensorflow:  name = model/transformer/layer_11/rel_attn/LayerNorm/beta:0, shape = (768,), *INIT_FROM_CKPT*
I0424 12:11:14.443109 140212767692608 model_utils.py:93]   name = model/transformer/layer_11/rel_attn/LayerNorm/beta:0, shape = (768,), *INIT_FROM_CKPT*
INFO:tensorflow:  name = model/transformer/layer_11/rel_attn/LayerNorm/gamma:0, shape = (768,), *INIT_FROM_CKPT*
I0424 12:11:14.443202 140212767692608 model_utils.py:93]   name = model/transformer/layer_11/rel_attn/LayerNorm/gamma:0, shape = (768,), *INIT_FROM_CKPT*
INFO:tensorflow:  name = model/transformer/layer_11/ff/layer_1/kernel:0, shape = (768, 3072), *INIT_FROM_CKPT*
I0424 12:11:14.443292 140212767692608 model_utils.py:93]   name = model/transformer/layer_11/ff/layer_1/kernel:0, shape = (768, 3072), *INIT_FROM_CKPT*
INFO:tensorflow:  name = model/transformer/layer_11/ff/layer_1/bias:0, shape = (3072,), *INIT_FROM_CKPT*
I0424 12:11:14.443385 140212767692608 model_utils.py:93]   name = model/transformer/layer_11/ff/layer_1/bias:0, shape = (3072,), *INIT_FROM_CKPT*
INFO:tensorflow:  name = model/transformer/layer_11/ff/layer_2/kernel:0, shape = (3072, 768), *INIT_FROM_CKPT*
I0424 12:11:14.443474 140212767692608 model_utils.py:93]   name = model/transformer/layer_11/ff/layer_2/kernel:0, shape = (3072, 768), *INIT_FROM_CKPT*
INFO:tensorflow:  name = model/transformer/layer_11/ff/layer_2/bias:0, shape = (768,), *INIT_FROM_CKPT*
I0424 12:11:14.443568 140212767692608 model_utils.py:93]   name = model/transformer/layer_11/ff/layer_2/bias:0, shape = (768,), *INIT_FROM_CKPT*
INFO:tensorflow:  name = model/transformer/layer_11/ff/LayerNorm/beta:0, shape = (768,), *INIT_FROM_CKPT*
I0424 12:11:14.443657 140212767692608 model_utils.py:93]   name = model/transformer/layer_11/ff/LayerNorm/beta:0, shape = (768,), *INIT_FROM_CKPT*
INFO:tensorflow:  name = model/transformer/layer_11/ff/LayerNorm/gamma:0, shape = (768,), *INIT_FROM_CKPT*
I0424 12:11:14.443747 140212767692608 model_utils.py:93]   name = model/transformer/layer_11/ff/LayerNorm/gamma:0, shape = (768,), *INIT_FROM_CKPT*
INFO:tensorflow:  name = model/sequnece_summary/summary/kernel:0, shape = (768, 768)
I0424 12:11:14.443836 140212767692608 model_utils.py:93]   name = model/sequnece_summary/summary/kernel:0, shape = (768, 768)
INFO:tensorflow:  name = model/sequnece_summary/summary/bias:0, shape = (768,)
I0424 12:11:14.443914 140212767692608 model_utils.py:93]   name = model/sequnece_summary/summary/bias:0, shape = (768,)
INFO:tensorflow:  name = model/classification_sci/logit/kernel:0, shape = (768, 2)
I0424 12:11:14.444010 140212767692608 model_utils.py:93]   name = model/classification_sci/logit/kernel:0, shape = (768, 2)
INFO:tensorflow:  name = model/classification_sci/logit/bias:0, shape = (2,)
I0424 12:11:14.444125 140212767692608 model_utils.py:93]   name = model/classification_sci/logit/bias:0, shape = (2,)
WARNING:tensorflow:From /nfs/home/kabenamualus/Research/task-dataset-metric-extraction/XLNet/model_utils.py:98: The name tf.train.get_or_create_global_step is deprecated. Please use tf.compat.v1.train.get_or_create_global_step instead.

W0424 12:11:14.444298 140212767692608 module_wrapper.py:139] From /nfs/home/kabenamualus/Research/task-dataset-metric-extraction/XLNet/model_utils.py:98: The name tf.train.get_or_create_global_step is deprecated. Please use tf.compat.v1.train.get_or_create_global_step instead.

WARNING:tensorflow:From /nfs/home/kabenamualus/Research/task-dataset-metric-extraction/XLNet/model_utils.py:110: The name tf.train.polynomial_decay is deprecated. Please use tf.compat.v1.train.polynomial_decay instead.

W0424 12:11:14.447128 140212767692608 module_wrapper.py:139] From /nfs/home/kabenamualus/Research/task-dataset-metric-extraction/XLNet/model_utils.py:110: The name tf.train.polynomial_decay is deprecated. Please use tf.compat.v1.train.polynomial_decay instead.

WARNING:tensorflow:From /nfs/home/kabenamualus/Research/task-dataset-metric-extraction/XLNet/model_utils.py:125: where (from tensorflow.python.ops.array_ops) is deprecated and will be removed in a future version.
Instructions for updating:
Use tf.where in 2.0, which has the same broadcast rule as np.where
W0424 12:11:14.454432 140212767692608 deprecation.py:323] From /nfs/home/kabenamualus/Research/task-dataset-metric-extraction/XLNet/model_utils.py:125: where (from tensorflow.python.ops.array_ops) is deprecated and will be removed in a future version.
Instructions for updating:
Use tf.where in 2.0, which has the same broadcast rule as np.where
WARNING:tensorflow:From /nfs/home/kabenamualus/Research/task-dataset-metric-extraction/XLNet/model_utils.py:133: The name tf.train.AdamOptimizer is deprecated. Please use tf.compat.v1.train.AdamOptimizer instead.

W0424 12:11:14.455088 140212767692608 module_wrapper.py:139] From /nfs/home/kabenamualus/Research/task-dataset-metric-extraction/XLNet/model_utils.py:133: The name tf.train.AdamOptimizer is deprecated. Please use tf.compat.v1.train.AdamOptimizer instead.

INFO:tensorflow:Done calling model_fn.
I0424 12:11:19.775998 140212767692608 estimator.py:1150] Done calling model_fn.
INFO:tensorflow:Create CheckpointSaverHook.
I0424 12:11:19.777145 140212767692608 basic_session_run_hooks.py:541] Create CheckpointSaverHook.
INFO:tensorflow:Graph was finalized.
I0424 12:11:22.381839 140212767692608 monitored_session.py:240] Graph was finalized.
2021-04-24 12:11:22.382254: I tensorflow/core/platform/cpu_feature_guard.cc:142] Your CPU supports instructions that this TensorFlow binary was not compiled to use: AVX2 AVX512F FMA
2021-04-24 12:11:22.421304: I tensorflow/core/platform/profile_utils/cpu_utils.cc:94] CPU Frequency: 2200000000 Hz
2021-04-24 12:11:22.425396: I tensorflow/compiler/xla/service/service.cc:168] XLA service 0x5615229121b0 initialized for platform Host (this does not guarantee that XLA will be used). Devices:
2021-04-24 12:11:22.425424: I tensorflow/compiler/xla/service/service.cc:176]   StreamExecutor device (0): Host, Default Version
2021-04-24 12:11:22.430466: I tensorflow/stream_executor/platform/default/dso_loader.cc:44] Successfully opened dynamic library libcuda.so.1
2021-04-24 12:11:23.722476: E tensorflow/stream_executor/cuda/cuda_driver.cc:318] failed call to cuInit: CUDA_ERROR_COMPAT_NOT_SUPPORTED_ON_DEVICE: forward compatibility was attempted on non supported HW
2021-04-24 12:11:23.722530: I tensorflow/stream_executor/cuda/cuda_diagnostics.cc:169] retrieving CUDA diagnostic information for host: devbox4
2021-04-24 12:11:23.722538: I tensorflow/stream_executor/cuda/cuda_diagnostics.cc:176] hostname: devbox4
2021-04-24 12:11:23.722620: I tensorflow/stream_executor/cuda/cuda_diagnostics.cc:200] libcuda reported version is: Invalid argument: expected %d.%d, %d.%d.%d, or %d.%d.%d.%d form for driver version; got "1"
2021-04-24 12:11:23.722698: I tensorflow/stream_executor/cuda/cuda_diagnostics.cc:204] kernel reported version is: 460.32.3
INFO:tensorflow:Restoring parameters from ../data/paperwithcode/60Neg800unk/twofoldwithunk/fold1/models/cased_L-12_H-768_A-12_XLNet/model.ckpt-0
I0424 12:11:23.725712 140212767692608 saver.py:1284] Restoring parameters from ../data/paperwithcode/60Neg800unk/twofoldwithunk/fold1/models/cased_L-12_H-768_A-12_XLNet/model.ckpt-0
WARNING:tensorflow:From /opt/conda/envs/python3/lib/python3.6/site-packages/tensorflow_core/python/training/saver.py:1069: get_checkpoint_mtimes (from tensorflow.python.training.checkpoint_management) is deprecated and will be removed in a future version.
Instructions for updating:
Use standard file utilities to get mtimes.
W0424 12:11:44.467684 140212767692608 deprecation.py:323] From /opt/conda/envs/python3/lib/python3.6/site-packages/tensorflow_core/python/training/saver.py:1069: get_checkpoint_mtimes (from tensorflow.python.training.checkpoint_management) is deprecated and will be removed in a future version.
Instructions for updating:
Use standard file utilities to get mtimes.
INFO:tensorflow:Running local_init_op.
I0424 12:11:45.311139 140212767692608 session_manager.py:500] Running local_init_op.
INFO:tensorflow:Done running local_init_op.
I0424 12:11:45.587438 140212767692608 session_manager.py:502] Done running local_init_op.
INFO:tensorflow:Saving checkpoints for 0 into ../data/paperwithcode/60Neg800unk/twofoldwithunk/fold1/models/cased_L-12_H-768_A-12_XLNet/model.ckpt.
I0424 12:11:51.951145 140212767692608 basic_session_run_hooks.py:606] Saving checkpoints for 0 into ../data/paperwithcode/60Neg800unk/twofoldwithunk/fold1/models/cased_L-12_H-768_A-12_XLNet/model.ckpt.
INFO:tensorflow:loss = 0.99424076, step = 1
I0424 12:16:25.502999 140212767692608 basic_session_run_hooks.py:262] loss = 0.99424076, step = 1
INFO:tensorflow:global_step/sec: 0.0044594
I0424 18:30:10.066715 140212767692608 basic_session_run_hooks.py:692] global_step/sec: 0.0044594
INFO:tensorflow:loss = 0.39720795, step = 101 (22424.568 sec)
I0424 18:30:10.071084 140212767692608 basic_session_run_hooks.py:260] loss = 0.39720795, step = 101 (22424.568 sec)
INFO:tensorflow:global_step/sec: 0.0044405
I0425 00:45:30.070065 140212767692608 basic_session_run_hooks.py:692] global_step/sec: 0.0044405
INFO:tensorflow:loss = 0.5004697, step = 201 (22520.012 sec)
I0425 00:45:30.083293 140212767692608 basic_session_run_hooks.py:260] loss = 0.5004697, step = 201 (22520.012 sec)
INFO:tensorflow:global_step/sec: 0.0044357
I0425 07:01:14.432379 140212767692608 basic_session_run_hooks.py:692] global_step/sec: 0.0044357
INFO:tensorflow:loss = 0.1279649, step = 301 (22544.354 sec)
I0425 07:01:14.437389 140212767692608 basic_session_run_hooks.py:260] loss = 0.1279649, step = 301 (22544.354 sec)
INFO:tensorflow:global_step/sec: 0.00420084
I0425 13:37:59.213366 140212767692608 basic_session_run_hooks.py:692] global_step/sec: 0.00420084
INFO:tensorflow:loss = 0.0048465813, step = 401 (23804.780 sec)
I0425 13:37:59.217432 140212767692608 basic_session_run_hooks.py:260] loss = 0.0048465813, step = 401 (23804.780 sec)
INFO:tensorflow:Saving checkpoints for 500 into ../data/paperwithcode/60Neg800unk/twofoldwithunk/fold1/models/cased_L-12_H-768_A-12_XLNet/model.ckpt.
I0425 20:07:14.841278 140212767692608 basic_session_run_hooks.py:606] Saving checkpoints for 500 into ../data/paperwithcode/60Neg800unk/twofoldwithunk/fold1/models/cased_L-12_H-768_A-12_XLNet/model.ckpt.
INFO:tensorflow:../data/paperwithcode/60Neg800unk/twofoldwithunk/fold1/models/cased_L-12_H-768_A-12_XLNet/model.ckpt-500 is not in all_model_checkpoint_paths. Manually adding it.
I0425 20:07:37.253142 140212767692608 checkpoint_management.py:95] ../data/paperwithcode/60Neg800unk/twofoldwithunk/fold1/models/cased_L-12_H-768_A-12_XLNet/model.ckpt-500 is not in all_model_checkpoint_paths. Manually adding it.
INFO:tensorflow:global_step/sec: 0.00423315
I0425 20:11:42.291806 140212767692608 basic_session_run_hooks.py:692] global_step/sec: 0.00423315
INFO:tensorflow:loss = 0.1570743, step = 501 (23623.079 sec)
I0425 20:11:42.296149 140212767692608 basic_session_run_hooks.py:260] loss = 0.1570743, step = 501 (23623.079 sec)
INFO:tensorflow:global_step/sec: 0.00408899
I0426 02:59:18.238535 140212767692608 basic_session_run_hooks.py:692] global_step/sec: 0.00408899
INFO:tensorflow:loss = 0.14105251, step = 601 (24455.946 sec)
I0426 02:59:18.242461 140212767692608 basic_session_run_hooks.py:260] loss = 0.14105251, step = 601 (24455.946 sec)
INFO:tensorflow:global_step/sec: 0.00421578
I0426 09:34:38.634863 140212767692608 basic_session_run_hooks.py:692] global_step/sec: 0.00421578
INFO:tensorflow:loss = 0.057052568, step = 701 (23720.397 sec)
I0426 09:34:38.639395 140212767692608 basic_session_run_hooks.py:260] loss = 0.057052568, step = 701 (23720.397 sec)
srun: Job step aborted: Waiting up to 32 seconds for job step to finish.
srun: got SIGCONT
slurmstepd-devbox4: error: *** STEP 1510.0 ON devbox4 CANCELLED AT 2021-04-26T14:53:32 ***
slurmstepd-devbox4: error: *** JOB 1510 ON devbox4 CANCELLED AT 2021-04-26T14:53:32 ***
srun: forcing job termination
