Directory ../data/ibm/exp/few-shot-setup/NLP-TDMS/paperVersion//models/BERT/ Exist
WARNING:tensorflow:From /nfs/home/kabenamualus/Research/task-dataset-metric-extraction/BERT/optimization.py:87: The name tf.train.Optimizer is deprecated. Please use tf.compat.v1.train.Optimizer instead.

WARNING:tensorflow:From run_classifier_sci.py:1079: The name tf.app.run is deprecated. Please use tf.compat.v1.app.run instead.

WARNING:tensorflow:From run_classifier_sci.py:865: The name tf.logging.set_verbosity is deprecated. Please use tf.compat.v1.logging.set_verbosity instead.

W0622 09:30:43.569268 140574683744064 module_wrapper.py:139] From run_classifier_sci.py:865: The name tf.logging.set_verbosity is deprecated. Please use tf.compat.v1.logging.set_verbosity instead.

WARNING:tensorflow:From run_classifier_sci.py:865: The name tf.logging.INFO is deprecated. Please use tf.compat.v1.logging.INFO instead.

W0622 09:30:43.569555 140574683744064 module_wrapper.py:139] From run_classifier_sci.py:865: The name tf.logging.INFO is deprecated. Please use tf.compat.v1.logging.INFO instead.

WARNING:tensorflow:From /nfs/home/kabenamualus/Research/task-dataset-metric-extraction/BERT/modeling.py:93: The name tf.gfile.GFile is deprecated. Please use tf.io.gfile.GFile instead.

W0622 09:30:43.570109 140574683744064 module_wrapper.py:139] From /nfs/home/kabenamualus/Research/task-dataset-metric-extraction/BERT/modeling.py:93: The name tf.gfile.GFile is deprecated. Please use tf.io.gfile.GFile instead.

WARNING:tensorflow:From run_classifier_sci.py:890: The name tf.gfile.MakeDirs is deprecated. Please use tf.io.gfile.makedirs instead.

W0622 09:30:43.573257 140574683744064 module_wrapper.py:139] From run_classifier_sci.py:890: The name tf.gfile.MakeDirs is deprecated. Please use tf.io.gfile.makedirs instead.

WARNING:tensorflow:
The TensorFlow contrib module will not be included in TensorFlow 2.0.
For more information, please see:
  * https://github.com/tensorflow/community/blob/master/rfcs/20180907-contrib-sunset.md
  * https://github.com/tensorflow/addons
  * https://github.com/tensorflow/io (for I/O related ops)
If you depend on functionality not listed there, please file an issue.

W0622 09:30:43.678138 140574683744064 lazy_loader.py:50] 
The TensorFlow contrib module will not be included in TensorFlow 2.0.
For more information, please see:
  * https://github.com/tensorflow/community/blob/master/rfcs/20180907-contrib-sunset.md
  * https://github.com/tensorflow/addons
  * https://github.com/tensorflow/io (for I/O related ops)
If you depend on functionality not listed there, please file an issue.

WARNING:tensorflow:Estimator's model_fn (<function model_fn_builder.<locals>.model_fn at 0x7fd98ed4c730>) includes params argument, but params are not passed to Estimator.
W0622 09:30:46.008485 140574683744064 estimator.py:1994] Estimator's model_fn (<function model_fn_builder.<locals>.model_fn at 0x7fd98ed4c730>) includes params argument, but params are not passed to Estimator.
INFO:tensorflow:Using config: {'_model_dir': '../data/ibm/exp/few-shot-setup/NLP-TDMS/paperVersion//models/BERT/', '_tf_random_seed': None, '_save_summary_steps': 100, '_save_checkpoints_steps': 1000, '_save_checkpoints_secs': None, '_session_config': allow_soft_placement: true
graph_options {
  rewrite_options {
    meta_optimizer_iterations: ONE
  }
}
, '_keep_checkpoint_max': 5, '_keep_checkpoint_every_n_hours': 10000, '_log_step_count_steps': None, '_train_distribute': None, '_device_fn': None, '_protocol': None, '_eval_distribute': None, '_experimental_distribute': None, '_experimental_max_worker_delay_secs': None, '_session_creation_timeout_secs': 7200, '_service': None, '_cluster_spec': <tensorflow.python.training.server_lib.ClusterSpec object at 0x7fd98ed0c860>, '_task_type': 'worker', '_task_id': 0, '_global_id_in_cluster': 0, '_master': '', '_evaluation_master': '', '_is_chief': True, '_num_ps_replicas': 0, '_num_worker_replicas': 1, '_tpu_config': TPUConfig(iterations_per_loop=1000, num_shards=8, num_cores_per_replica=None, per_host_input_for_training=3, tpu_job_name=None, initial_infeed_sleep_secs=None, input_partition_dims=None, eval_training_input_configuration=2, experimental_host_call_every_n_steps=1), '_cluster': None}
I0622 09:30:46.010453 140574683744064 estimator.py:212] Using config: {'_model_dir': '../data/ibm/exp/few-shot-setup/NLP-TDMS/paperVersion//models/BERT/', '_tf_random_seed': None, '_save_summary_steps': 100, '_save_checkpoints_steps': 1000, '_save_checkpoints_secs': None, '_session_config': allow_soft_placement: true
graph_options {
  rewrite_options {
    meta_optimizer_iterations: ONE
  }
}
, '_keep_checkpoint_max': 5, '_keep_checkpoint_every_n_hours': 10000, '_log_step_count_steps': None, '_train_distribute': None, '_device_fn': None, '_protocol': None, '_eval_distribute': None, '_experimental_distribute': None, '_experimental_max_worker_delay_secs': None, '_session_creation_timeout_secs': 7200, '_service': None, '_cluster_spec': <tensorflow.python.training.server_lib.ClusterSpec object at 0x7fd98ed0c860>, '_task_type': 'worker', '_task_id': 0, '_global_id_in_cluster': 0, '_master': '', '_evaluation_master': '', '_is_chief': True, '_num_ps_replicas': 0, '_num_worker_replicas': 1, '_tpu_config': TPUConfig(iterations_per_loop=1000, num_shards=8, num_cores_per_replica=None, per_host_input_for_training=3, tpu_job_name=None, initial_infeed_sleep_secs=None, input_partition_dims=None, eval_training_input_configuration=2, experimental_host_call_every_n_steps=1), '_cluster': None}
INFO:tensorflow:_TPUContext: eval_on_tpu True
I0622 09:30:46.011175 140574683744064 tpu_context.py:220] _TPUContext: eval_on_tpu True
WARNING:tensorflow:eval_on_tpu ignored because use_tpu is False.
W0622 09:30:46.011660 140574683744064 tpu_context.py:222] eval_on_tpu ignored because use_tpu is False.
WARNING:tensorflow:From run_classifier_sci.py:960: The name tf.logging.info is deprecated. Please use tf.compat.v1.logging.info instead.

W0622 09:30:46.012062 140574683744064 module_wrapper.py:139] From run_classifier_sci.py:960: The name tf.logging.info is deprecated. Please use tf.compat.v1.logging.info instead.

INFO:tensorflow:***** Running training *****
I0622 09:30:46.012172 140574683744064 run_classifier_sci.py:960] ***** Running training *****
INFO:tensorflow:  Num examples = 13306
I0622 09:30:46.012306 140574683744064 run_classifier_sci.py:961]   Num examples = 13306
INFO:tensorflow:  Batch size = 6
I0622 09:30:46.012792 140574683744064 run_classifier_sci.py:962]   Batch size = 6
INFO:tensorflow:  Num steps = 6653
I0622 09:30:46.012918 140574683744064 run_classifier_sci.py:963]   Num steps = 6653
WARNING:tensorflow:From run_classifier_sci.py:592: The name tf.FixedLenFeature is deprecated. Please use tf.io.FixedLenFeature instead.

W0622 09:30:46.013114 140574683744064 module_wrapper.py:139] From run_classifier_sci.py:592: The name tf.FixedLenFeature is deprecated. Please use tf.io.FixedLenFeature instead.

INFO:tensorflow:Skipping training since max_steps has already saved.
I0622 09:30:46.025142 140574683744064 estimator.py:363] Skipping training since max_steps has already saved.
INFO:tensorflow:training_loop marked as finished
I0622 09:30:46.025297 140574683744064 error_handling.py:101] training_loop marked as finished
INFO:tensorflow:***** Running prediction*****
I0622 09:30:46.464675 140574683744064 run_classifier_sci.py:1040] ***** Running prediction*****
INFO:tensorflow:  Num examples = 13071 (13071 actual, 0 padding)
I0622 09:30:46.464848 140574683744064 run_classifier_sci.py:1043]   Num examples = 13071 (13071 actual, 0 padding)
INFO:tensorflow:  Batch size = 6
I0622 09:30:46.465008 140574683744064 run_classifier_sci.py:1044]   Batch size = 6
INFO:tensorflow:***** Predict results *****
I0622 09:30:46.465187 140574683744064 run_classifier_sci.py:1059] ***** Predict results *****
WARNING:tensorflow:From /opt/conda/envs/python3/lib/python3.6/site-packages/tensorflow_core/python/ops/resource_variable_ops.py:1630: calling BaseResourceVariable.__init__ (from tensorflow.python.ops.resource_variable_ops) with constraint is deprecated and will be removed in a future version.
Instructions for updating:
If using Keras pass *_constraint arguments to layers.
W0622 09:30:46.478216 140574683744064 deprecation.py:506] From /opt/conda/envs/python3/lib/python3.6/site-packages/tensorflow_core/python/ops/resource_variable_ops.py:1630: calling BaseResourceVariable.__init__ (from tensorflow.python.ops.resource_variable_ops) with constraint is deprecated and will be removed in a future version.
Instructions for updating:
If using Keras pass *_constraint arguments to layers.
WARNING:tensorflow:From run_classifier_sci.py:628: map_and_batch (from tensorflow.contrib.data.python.ops.batching) is deprecated and will be removed in a future version.
Instructions for updating:
Use `tf.data.experimental.map_and_batch(...)`.
W0622 09:30:46.503999 140574683744064 deprecation.py:323] From run_classifier_sci.py:628: map_and_batch (from tensorflow.contrib.data.python.ops.batching) is deprecated and will be removed in a future version.
Instructions for updating:
Use `tf.data.experimental.map_and_batch(...)`.
WARNING:tensorflow:From /opt/conda/envs/python3/lib/python3.6/site-packages/tensorflow_core/contrib/data/python/ops/batching.py:276: map_and_batch (from tensorflow.python.data.experimental.ops.batching) is deprecated and will be removed in a future version.
Instructions for updating:
Use `tf.data.Dataset.map(map_func, num_parallel_calls)` followed by `tf.data.Dataset.batch(batch_size, drop_remainder)`. Static tf.data optimizations will take care of using the fused implementation.
W0622 09:30:46.504179 140574683744064 deprecation.py:323] From /opt/conda/envs/python3/lib/python3.6/site-packages/tensorflow_core/contrib/data/python/ops/batching.py:276: map_and_batch (from tensorflow.python.data.experimental.ops.batching) is deprecated and will be removed in a future version.
Instructions for updating:
Use `tf.data.Dataset.map(map_func, num_parallel_calls)` followed by `tf.data.Dataset.batch(batch_size, drop_remainder)`. Static tf.data optimizations will take care of using the fused implementation.
WARNING:tensorflow:From /opt/conda/envs/python3/lib/python3.6/site-packages/tensorflow_core/python/autograph/converters/directives.py:119: The name tf.parse_single_example is deprecated. Please use tf.io.parse_single_example instead.

W0622 09:30:46.561400 140574683744064 module_wrapper.py:139] From /opt/conda/envs/python3/lib/python3.6/site-packages/tensorflow_core/python/autograph/converters/directives.py:119: The name tf.parse_single_example is deprecated. Please use tf.io.parse_single_example instead.

WARNING:tensorflow:From run_classifier_sci.py:608: to_int32 (from tensorflow.python.ops.math_ops) is deprecated and will be removed in a future version.
Instructions for updating:
Use `tf.cast` instead.
W0622 09:30:46.652094 140574683744064 deprecation.py:323] From run_classifier_sci.py:608: to_int32 (from tensorflow.python.ops.math_ops) is deprecated and will be removed in a future version.
Instructions for updating:
Use `tf.cast` instead.
INFO:tensorflow:Calling model_fn.
I0622 09:30:46.666282 140574683744064 estimator.py:1148] Calling model_fn.
INFO:tensorflow:Running infer on CPU
I0622 09:30:46.666524 140574683744064 tpu_estimator.py:3124] Running infer on CPU
INFO:tensorflow:*** Features ***
I0622 09:30:46.666853 140574683744064 run_classifier_sci.py:708] *** Features ***
INFO:tensorflow:  name = input_ids, shape = (?, 512)
I0622 09:30:46.667019 140574683744064 run_classifier_sci.py:710]   name = input_ids, shape = (?, 512)
INFO:tensorflow:  name = input_mask, shape = (?, 512)
I0622 09:30:46.667149 140574683744064 run_classifier_sci.py:710]   name = input_mask, shape = (?, 512)
INFO:tensorflow:  name = is_real_example, shape = (?,)
I0622 09:30:46.667266 140574683744064 run_classifier_sci.py:710]   name = is_real_example, shape = (?,)
INFO:tensorflow:  name = label_ids, shape = (?,)
I0622 09:30:46.667377 140574683744064 run_classifier_sci.py:710]   name = label_ids, shape = (?,)
INFO:tensorflow:  name = segment_ids, shape = (?, 512)
I0622 09:30:46.667491 140574683744064 run_classifier_sci.py:710]   name = segment_ids, shape = (?, 512)
WARNING:tensorflow:From /nfs/home/kabenamualus/Research/task-dataset-metric-extraction/BERT/modeling.py:172: The name tf.variable_scope is deprecated. Please use tf.compat.v1.variable_scope instead.

W0622 09:30:46.673637 140574683744064 module_wrapper.py:139] From /nfs/home/kabenamualus/Research/task-dataset-metric-extraction/BERT/modeling.py:172: The name tf.variable_scope is deprecated. Please use tf.compat.v1.variable_scope instead.

WARNING:tensorflow:From /nfs/home/kabenamualus/Research/task-dataset-metric-extraction/BERT/modeling.py:410: The name tf.get_variable is deprecated. Please use tf.compat.v1.get_variable instead.

W0622 09:30:46.675002 140574683744064 module_wrapper.py:139] From /nfs/home/kabenamualus/Research/task-dataset-metric-extraction/BERT/modeling.py:410: The name tf.get_variable is deprecated. Please use tf.compat.v1.get_variable instead.

WARNING:tensorflow:From /nfs/home/kabenamualus/Research/task-dataset-metric-extraction/BERT/modeling.py:491: The name tf.assert_less_equal is deprecated. Please use tf.compat.v1.assert_less_equal instead.

W0622 09:30:46.699700 140574683744064 module_wrapper.py:139] From /nfs/home/kabenamualus/Research/task-dataset-metric-extraction/BERT/modeling.py:491: The name tf.assert_less_equal is deprecated. Please use tf.compat.v1.assert_less_equal instead.

WARNING:tensorflow:From /nfs/home/kabenamualus/Research/task-dataset-metric-extraction/BERT/modeling.py:672: dense (from tensorflow.python.layers.core) is deprecated and will be removed in a future version.
Instructions for updating:
Use keras.layers.Dense instead.
W0622 09:30:46.744256 140574683744064 deprecation.py:323] From /nfs/home/kabenamualus/Research/task-dataset-metric-extraction/BERT/modeling.py:672: dense (from tensorflow.python.layers.core) is deprecated and will be removed in a future version.
Instructions for updating:
Use keras.layers.Dense instead.
WARNING:tensorflow:From /opt/conda/envs/python3/lib/python3.6/site-packages/tensorflow_core/python/layers/core.py:187: Layer.apply (from tensorflow.python.keras.engine.base_layer) is deprecated and will be removed in a future version.
Instructions for updating:
Please use `layer.__call__` method instead.
W0622 09:30:46.745430 140574683744064 deprecation.py:323] From /opt/conda/envs/python3/lib/python3.6/site-packages/tensorflow_core/python/layers/core.py:187: Layer.apply (from tensorflow.python.keras.engine.base_layer) is deprecated and will be removed in a future version.
Instructions for updating:
Please use `layer.__call__` method instead.
WARNING:tensorflow:From run_classifier_sci.py:728: The name tf.trainable_variables is deprecated. Please use tf.compat.v1.trainable_variables instead.

W0622 09:30:48.119131 140574683744064 module_wrapper.py:139] From run_classifier_sci.py:728: The name tf.trainable_variables is deprecated. Please use tf.compat.v1.trainable_variables instead.

WARNING:tensorflow:From run_classifier_sci.py:742: The name tf.train.init_from_checkpoint is deprecated. Please use tf.compat.v1.train.init_from_checkpoint instead.

W0622 09:30:48.123435 140574683744064 module_wrapper.py:139] From run_classifier_sci.py:742: The name tf.train.init_from_checkpoint is deprecated. Please use tf.compat.v1.train.init_from_checkpoint instead.

INFO:tensorflow:**** Trainable Variables ****
I0622 09:30:48.590044 140574683744064 run_classifier_sci.py:744] **** Trainable Variables ****
INFO:tensorflow:  name = bert/embeddings/word_embeddings:0, shape = (30522, 768), *INIT_FROM_CKPT*
I0622 09:30:48.590228 140574683744064 run_classifier_sci.py:750]   name = bert/embeddings/word_embeddings:0, shape = (30522, 768), *INIT_FROM_CKPT*
INFO:tensorflow:  name = bert/embeddings/token_type_embeddings:0, shape = (2, 768), *INIT_FROM_CKPT*
I0622 09:30:48.590401 140574683744064 run_classifier_sci.py:750]   name = bert/embeddings/token_type_embeddings:0, shape = (2, 768), *INIT_FROM_CKPT*
INFO:tensorflow:  name = bert/embeddings/position_embeddings:0, shape = (512, 768), *INIT_FROM_CKPT*
I0622 09:30:48.590517 140574683744064 run_classifier_sci.py:750]   name = bert/embeddings/position_embeddings:0, shape = (512, 768), *INIT_FROM_CKPT*
INFO:tensorflow:  name = bert/embeddings/LayerNorm/beta:0, shape = (768,), *INIT_FROM_CKPT*
I0622 09:30:48.590655 140574683744064 run_classifier_sci.py:750]   name = bert/embeddings/LayerNorm/beta:0, shape = (768,), *INIT_FROM_CKPT*
INFO:tensorflow:  name = bert/embeddings/LayerNorm/gamma:0, shape = (768,), *INIT_FROM_CKPT*
I0622 09:30:48.590780 140574683744064 run_classifier_sci.py:750]   name = bert/embeddings/LayerNorm/gamma:0, shape = (768,), *INIT_FROM_CKPT*
INFO:tensorflow:  name = bert/encoder/layer_0/attention/self/query/kernel:0, shape = (768, 768), *INIT_FROM_CKPT*
I0622 09:30:48.590892 140574683744064 run_classifier_sci.py:750]   name = bert/encoder/layer_0/attention/self/query/kernel:0, shape = (768, 768), *INIT_FROM_CKPT*
INFO:tensorflow:  name = bert/encoder/layer_0/attention/self/query/bias:0, shape = (768,), *INIT_FROM_CKPT*
I0622 09:30:48.590987 140574683744064 run_classifier_sci.py:750]   name = bert/encoder/layer_0/attention/self/query/bias:0, shape = (768,), *INIT_FROM_CKPT*
INFO:tensorflow:  name = bert/encoder/layer_0/attention/self/key/kernel:0, shape = (768, 768), *INIT_FROM_CKPT*
I0622 09:30:48.591079 140574683744064 run_classifier_sci.py:750]   name = bert/encoder/layer_0/attention/self/key/kernel:0, shape = (768, 768), *INIT_FROM_CKPT*
INFO:tensorflow:  name = bert/encoder/layer_0/attention/self/key/bias:0, shape = (768,), *INIT_FROM_CKPT*
I0622 09:30:48.591173 140574683744064 run_classifier_sci.py:750]   name = bert/encoder/layer_0/attention/self/key/bias:0, shape = (768,), *INIT_FROM_CKPT*
INFO:tensorflow:  name = bert/encoder/layer_0/attention/self/value/kernel:0, shape = (768, 768), *INIT_FROM_CKPT*
I0622 09:30:48.591282 140574683744064 run_classifier_sci.py:750]   name = bert/encoder/layer_0/attention/self/value/kernel:0, shape = (768, 768), *INIT_FROM_CKPT*
INFO:tensorflow:  name = bert/encoder/layer_0/attention/self/value/bias:0, shape = (768,), *INIT_FROM_CKPT*
I0622 09:30:48.591393 140574683744064 run_classifier_sci.py:750]   name = bert/encoder/layer_0/attention/self/value/bias:0, shape = (768,), *INIT_FROM_CKPT*
INFO:tensorflow:  name = bert/encoder/layer_0/attention/output/dense/kernel:0, shape = (768, 768), *INIT_FROM_CKPT*
I0622 09:30:48.591498 140574683744064 run_classifier_sci.py:750]   name = bert/encoder/layer_0/attention/output/dense/kernel:0, shape = (768, 768), *INIT_FROM_CKPT*
INFO:tensorflow:  name = bert/encoder/layer_0/attention/output/dense/bias:0, shape = (768,), *INIT_FROM_CKPT*
I0622 09:30:48.591609 140574683744064 run_classifier_sci.py:750]   name = bert/encoder/layer_0/attention/output/dense/bias:0, shape = (768,), *INIT_FROM_CKPT*
INFO:tensorflow:  name = bert/encoder/layer_0/attention/output/LayerNorm/beta:0, shape = (768,), *INIT_FROM_CKPT*
I0622 09:30:48.591713 140574683744064 run_classifier_sci.py:750]   name = bert/encoder/layer_0/attention/output/LayerNorm/beta:0, shape = (768,), *INIT_FROM_CKPT*
INFO:tensorflow:  name = bert/encoder/layer_0/attention/output/LayerNorm/gamma:0, shape = (768,), *INIT_FROM_CKPT*
I0622 09:30:48.591820 140574683744064 run_classifier_sci.py:750]   name = bert/encoder/layer_0/attention/output/LayerNorm/gamma:0, shape = (768,), *INIT_FROM_CKPT*
INFO:tensorflow:  name = bert/encoder/layer_0/intermediate/dense/kernel:0, shape = (768, 3072), *INIT_FROM_CKPT*
I0622 09:30:48.591945 140574683744064 run_classifier_sci.py:750]   name = bert/encoder/layer_0/intermediate/dense/kernel:0, shape = (768, 3072), *INIT_FROM_CKPT*
INFO:tensorflow:  name = bert/encoder/layer_0/intermediate/dense/bias:0, shape = (3072,), *INIT_FROM_CKPT*
I0622 09:30:48.592037 140574683744064 run_classifier_sci.py:750]   name = bert/encoder/layer_0/intermediate/dense/bias:0, shape = (3072,), *INIT_FROM_CKPT*
INFO:tensorflow:  name = bert/encoder/layer_0/output/dense/kernel:0, shape = (3072, 768), *INIT_FROM_CKPT*
I0622 09:30:48.592149 140574683744064 run_classifier_sci.py:750]   name = bert/encoder/layer_0/output/dense/kernel:0, shape = (3072, 768), *INIT_FROM_CKPT*
INFO:tensorflow:  name = bert/encoder/layer_0/output/dense/bias:0, shape = (768,), *INIT_FROM_CKPT*
I0622 09:30:48.592258 140574683744064 run_classifier_sci.py:750]   name = bert/encoder/layer_0/output/dense/bias:0, shape = (768,), *INIT_FROM_CKPT*
INFO:tensorflow:  name = bert/encoder/layer_0/output/LayerNorm/beta:0, shape = (768,), *INIT_FROM_CKPT*
I0622 09:30:48.592365 140574683744064 run_classifier_sci.py:750]   name = bert/encoder/layer_0/output/LayerNorm/beta:0, shape = (768,), *INIT_FROM_CKPT*
INFO:tensorflow:  name = bert/encoder/layer_0/output/LayerNorm/gamma:0, shape = (768,), *INIT_FROM_CKPT*
I0622 09:30:48.592468 140574683744064 run_classifier_sci.py:750]   name = bert/encoder/layer_0/output/LayerNorm/gamma:0, shape = (768,), *INIT_FROM_CKPT*
INFO:tensorflow:  name = bert/encoder/layer_1/attention/self/query/kernel:0, shape = (768, 768), *INIT_FROM_CKPT*
I0622 09:30:48.592548 140574683744064 run_classifier_sci.py:750]   name = bert/encoder/layer_1/attention/self/query/kernel:0, shape = (768, 768), *INIT_FROM_CKPT*
INFO:tensorflow:  name = bert/encoder/layer_1/attention/self/query/bias:0, shape = (768,), *INIT_FROM_CKPT*
I0622 09:30:48.592666 140574683744064 run_classifier_sci.py:750]   name = bert/encoder/layer_1/attention/self/query/bias:0, shape = (768,), *INIT_FROM_CKPT*
INFO:tensorflow:  name = bert/encoder/layer_1/attention/self/key/kernel:0, shape = (768, 768), *INIT_FROM_CKPT*
I0622 09:30:48.592771 140574683744064 run_classifier_sci.py:750]   name = bert/encoder/layer_1/attention/self/key/kernel:0, shape = (768, 768), *INIT_FROM_CKPT*
INFO:tensorflow:  name = bert/encoder/layer_1/attention/self/key/bias:0, shape = (768,), *INIT_FROM_CKPT*
I0622 09:30:48.592882 140574683744064 run_classifier_sci.py:750]   name = bert/encoder/layer_1/attention/self/key/bias:0, shape = (768,), *INIT_FROM_CKPT*
INFO:tensorflow:  name = bert/encoder/layer_1/attention/self/value/kernel:0, shape = (768, 768), *INIT_FROM_CKPT*
I0622 09:30:48.592988 140574683744064 run_classifier_sci.py:750]   name = bert/encoder/layer_1/attention/self/value/kernel:0, shape = (768, 768), *INIT_FROM_CKPT*
INFO:tensorflow:  name = bert/encoder/layer_1/attention/self/value/bias:0, shape = (768,), *INIT_FROM_CKPT*
I0622 09:30:48.593098 140574683744064 run_classifier_sci.py:750]   name = bert/encoder/layer_1/attention/self/value/bias:0, shape = (768,), *INIT_FROM_CKPT*
INFO:tensorflow:  name = bert/encoder/layer_1/attention/output/dense/kernel:0, shape = (768, 768), *INIT_FROM_CKPT*
I0622 09:30:48.593204 140574683744064 run_classifier_sci.py:750]   name = bert/encoder/layer_1/attention/output/dense/kernel:0, shape = (768, 768), *INIT_FROM_CKPT*
INFO:tensorflow:  name = bert/encoder/layer_1/attention/output/dense/bias:0, shape = (768,), *INIT_FROM_CKPT*
I0622 09:30:48.593314 140574683744064 run_classifier_sci.py:750]   name = bert/encoder/layer_1/attention/output/dense/bias:0, shape = (768,), *INIT_FROM_CKPT*
INFO:tensorflow:  name = bert/encoder/layer_1/attention/output/LayerNorm/beta:0, shape = (768,), *INIT_FROM_CKPT*
I0622 09:30:48.593419 140574683744064 run_classifier_sci.py:750]   name = bert/encoder/layer_1/attention/output/LayerNorm/beta:0, shape = (768,), *INIT_FROM_CKPT*
INFO:tensorflow:  name = bert/encoder/layer_1/attention/output/LayerNorm/gamma:0, shape = (768,), *INIT_FROM_CKPT*
I0622 09:30:48.593523 140574683744064 run_classifier_sci.py:750]   name = bert/encoder/layer_1/attention/output/LayerNorm/gamma:0, shape = (768,), *INIT_FROM_CKPT*
INFO:tensorflow:  name = bert/encoder/layer_1/intermediate/dense/kernel:0, shape = (768, 3072), *INIT_FROM_CKPT*
I0622 09:30:48.593628 140574683744064 run_classifier_sci.py:750]   name = bert/encoder/layer_1/intermediate/dense/kernel:0, shape = (768, 3072), *INIT_FROM_CKPT*
INFO:tensorflow:  name = bert/encoder/layer_1/intermediate/dense/bias:0, shape = (3072,), *INIT_FROM_CKPT*
I0622 09:30:48.593738 140574683744064 run_classifier_sci.py:750]   name = bert/encoder/layer_1/intermediate/dense/bias:0, shape = (3072,), *INIT_FROM_CKPT*
INFO:tensorflow:  name = bert/encoder/layer_1/output/dense/kernel:0, shape = (3072, 768), *INIT_FROM_CKPT*
I0622 09:30:48.593843 140574683744064 run_classifier_sci.py:750]   name = bert/encoder/layer_1/output/dense/kernel:0, shape = (3072, 768), *INIT_FROM_CKPT*
INFO:tensorflow:  name = bert/encoder/layer_1/output/dense/bias:0, shape = (768,), *INIT_FROM_CKPT*
I0622 09:30:48.593956 140574683744064 run_classifier_sci.py:750]   name = bert/encoder/layer_1/output/dense/bias:0, shape = (768,), *INIT_FROM_CKPT*
INFO:tensorflow:  name = bert/encoder/layer_1/output/LayerNorm/beta:0, shape = (768,), *INIT_FROM_CKPT*
I0622 09:30:48.594062 140574683744064 run_classifier_sci.py:750]   name = bert/encoder/layer_1/output/LayerNorm/beta:0, shape = (768,), *INIT_FROM_CKPT*
INFO:tensorflow:  name = bert/encoder/layer_1/output/LayerNorm/gamma:0, shape = (768,), *INIT_FROM_CKPT*
I0622 09:30:48.594166 140574683744064 run_classifier_sci.py:750]   name = bert/encoder/layer_1/output/LayerNorm/gamma:0, shape = (768,), *INIT_FROM_CKPT*
INFO:tensorflow:  name = bert/encoder/layer_2/attention/self/query/kernel:0, shape = (768, 768), *INIT_FROM_CKPT*
I0622 09:30:48.594269 140574683744064 run_classifier_sci.py:750]   name = bert/encoder/layer_2/attention/self/query/kernel:0, shape = (768, 768), *INIT_FROM_CKPT*
INFO:tensorflow:  name = bert/encoder/layer_2/attention/self/query/bias:0, shape = (768,), *INIT_FROM_CKPT*
I0622 09:30:48.594379 140574683744064 run_classifier_sci.py:750]   name = bert/encoder/layer_2/attention/self/query/bias:0, shape = (768,), *INIT_FROM_CKPT*
INFO:tensorflow:  name = bert/encoder/layer_2/attention/self/key/kernel:0, shape = (768, 768), *INIT_FROM_CKPT*
I0622 09:30:48.594483 140574683744064 run_classifier_sci.py:750]   name = bert/encoder/layer_2/attention/self/key/kernel:0, shape = (768, 768), *INIT_FROM_CKPT*
INFO:tensorflow:  name = bert/encoder/layer_2/attention/self/key/bias:0, shape = (768,), *INIT_FROM_CKPT*
I0622 09:30:48.594592 140574683744064 run_classifier_sci.py:750]   name = bert/encoder/layer_2/attention/self/key/bias:0, shape = (768,), *INIT_FROM_CKPT*
INFO:tensorflow:  name = bert/encoder/layer_2/attention/self/value/kernel:0, shape = (768, 768), *INIT_FROM_CKPT*
I0622 09:30:48.594696 140574683744064 run_classifier_sci.py:750]   name = bert/encoder/layer_2/attention/self/value/kernel:0, shape = (768, 768), *INIT_FROM_CKPT*
INFO:tensorflow:  name = bert/encoder/layer_2/attention/self/value/bias:0, shape = (768,), *INIT_FROM_CKPT*
I0622 09:30:48.594805 140574683744064 run_classifier_sci.py:750]   name = bert/encoder/layer_2/attention/self/value/bias:0, shape = (768,), *INIT_FROM_CKPT*
INFO:tensorflow:  name = bert/encoder/layer_2/attention/output/dense/kernel:0, shape = (768, 768), *INIT_FROM_CKPT*
I0622 09:30:48.594909 140574683744064 run_classifier_sci.py:750]   name = bert/encoder/layer_2/attention/output/dense/kernel:0, shape = (768, 768), *INIT_FROM_CKPT*
INFO:tensorflow:  name = bert/encoder/layer_2/attention/output/dense/bias:0, shape = (768,), *INIT_FROM_CKPT*
I0622 09:30:48.595019 140574683744064 run_classifier_sci.py:750]   name = bert/encoder/layer_2/attention/output/dense/bias:0, shape = (768,), *INIT_FROM_CKPT*
INFO:tensorflow:  name = bert/encoder/layer_2/attention/output/LayerNorm/beta:0, shape = (768,), *INIT_FROM_CKPT*
I0622 09:30:48.595123 140574683744064 run_classifier_sci.py:750]   name = bert/encoder/layer_2/attention/output/LayerNorm/beta:0, shape = (768,), *INIT_FROM_CKPT*
INFO:tensorflow:  name = bert/encoder/layer_2/attention/output/LayerNorm/gamma:0, shape = (768,), *INIT_FROM_CKPT*
I0622 09:30:48.595226 140574683744064 run_classifier_sci.py:750]   name = bert/encoder/layer_2/attention/output/LayerNorm/gamma:0, shape = (768,), *INIT_FROM_CKPT*
INFO:tensorflow:  name = bert/encoder/layer_2/intermediate/dense/kernel:0, shape = (768, 3072), *INIT_FROM_CKPT*
I0622 09:30:48.595329 140574683744064 run_classifier_sci.py:750]   name = bert/encoder/layer_2/intermediate/dense/kernel:0, shape = (768, 3072), *INIT_FROM_CKPT*
INFO:tensorflow:  name = bert/encoder/layer_2/intermediate/dense/bias:0, shape = (3072,), *INIT_FROM_CKPT*
I0622 09:30:48.595439 140574683744064 run_classifier_sci.py:750]   name = bert/encoder/layer_2/intermediate/dense/bias:0, shape = (3072,), *INIT_FROM_CKPT*
INFO:tensorflow:  name = bert/encoder/layer_2/output/dense/kernel:0, shape = (3072, 768), *INIT_FROM_CKPT*
I0622 09:30:48.595546 140574683744064 run_classifier_sci.py:750]   name = bert/encoder/layer_2/output/dense/kernel:0, shape = (3072, 768), *INIT_FROM_CKPT*
INFO:tensorflow:  name = bert/encoder/layer_2/output/dense/bias:0, shape = (768,), *INIT_FROM_CKPT*
I0622 09:30:48.595655 140574683744064 run_classifier_sci.py:750]   name = bert/encoder/layer_2/output/dense/bias:0, shape = (768,), *INIT_FROM_CKPT*
INFO:tensorflow:  name = bert/encoder/layer_2/output/LayerNorm/beta:0, shape = (768,), *INIT_FROM_CKPT*
I0622 09:30:48.595759 140574683744064 run_classifier_sci.py:750]   name = bert/encoder/layer_2/output/LayerNorm/beta:0, shape = (768,), *INIT_FROM_CKPT*
INFO:tensorflow:  name = bert/encoder/layer_2/output/LayerNorm/gamma:0, shape = (768,), *INIT_FROM_CKPT*
I0622 09:30:48.595873 140574683744064 run_classifier_sci.py:750]   name = bert/encoder/layer_2/output/LayerNorm/gamma:0, shape = (768,), *INIT_FROM_CKPT*
INFO:tensorflow:  name = bert/encoder/layer_3/attention/self/query/kernel:0, shape = (768, 768), *INIT_FROM_CKPT*
I0622 09:30:48.595995 140574683744064 run_classifier_sci.py:750]   name = bert/encoder/layer_3/attention/self/query/kernel:0, shape = (768, 768), *INIT_FROM_CKPT*
INFO:tensorflow:  name = bert/encoder/layer_3/attention/self/query/bias:0, shape = (768,), *INIT_FROM_CKPT*
I0622 09:30:48.596107 140574683744064 run_classifier_sci.py:750]   name = bert/encoder/layer_3/attention/self/query/bias:0, shape = (768,), *INIT_FROM_CKPT*
INFO:tensorflow:  name = bert/encoder/layer_3/attention/self/key/kernel:0, shape = (768, 768), *INIT_FROM_CKPT*
I0622 09:30:48.596211 140574683744064 run_classifier_sci.py:750]   name = bert/encoder/layer_3/attention/self/key/kernel:0, shape = (768, 768), *INIT_FROM_CKPT*
INFO:tensorflow:  name = bert/encoder/layer_3/attention/self/key/bias:0, shape = (768,), *INIT_FROM_CKPT*
I0622 09:30:48.596321 140574683744064 run_classifier_sci.py:750]   name = bert/encoder/layer_3/attention/self/key/bias:0, shape = (768,), *INIT_FROM_CKPT*
INFO:tensorflow:  name = bert/encoder/layer_3/attention/self/value/kernel:0, shape = (768, 768), *INIT_FROM_CKPT*
I0622 09:30:48.596425 140574683744064 run_classifier_sci.py:750]   name = bert/encoder/layer_3/attention/self/value/kernel:0, shape = (768, 768), *INIT_FROM_CKPT*
INFO:tensorflow:  name = bert/encoder/layer_3/attention/self/value/bias:0, shape = (768,), *INIT_FROM_CKPT*
I0622 09:30:48.596534 140574683744064 run_classifier_sci.py:750]   name = bert/encoder/layer_3/attention/self/value/bias:0, shape = (768,), *INIT_FROM_CKPT*
INFO:tensorflow:  name = bert/encoder/layer_3/attention/output/dense/kernel:0, shape = (768, 768), *INIT_FROM_CKPT*
I0622 09:30:48.596638 140574683744064 run_classifier_sci.py:750]   name = bert/encoder/layer_3/attention/output/dense/kernel:0, shape = (768, 768), *INIT_FROM_CKPT*
INFO:tensorflow:  name = bert/encoder/layer_3/attention/output/dense/bias:0, shape = (768,), *INIT_FROM_CKPT*
I0622 09:30:48.596747 140574683744064 run_classifier_sci.py:750]   name = bert/encoder/layer_3/attention/output/dense/bias:0, shape = (768,), *INIT_FROM_CKPT*
INFO:tensorflow:  name = bert/encoder/layer_3/attention/output/LayerNorm/beta:0, shape = (768,), *INIT_FROM_CKPT*
I0622 09:30:48.596852 140574683744064 run_classifier_sci.py:750]   name = bert/encoder/layer_3/attention/output/LayerNorm/beta:0, shape = (768,), *INIT_FROM_CKPT*
INFO:tensorflow:  name = bert/encoder/layer_3/attention/output/LayerNorm/gamma:0, shape = (768,), *INIT_FROM_CKPT*
I0622 09:30:48.596955 140574683744064 run_classifier_sci.py:750]   name = bert/encoder/layer_3/attention/output/LayerNorm/gamma:0, shape = (768,), *INIT_FROM_CKPT*
INFO:tensorflow:  name = bert/encoder/layer_3/intermediate/dense/kernel:0, shape = (768, 3072), *INIT_FROM_CKPT*
I0622 09:30:48.597058 140574683744064 run_classifier_sci.py:750]   name = bert/encoder/layer_3/intermediate/dense/kernel:0, shape = (768, 3072), *INIT_FROM_CKPT*
INFO:tensorflow:  name = bert/encoder/layer_3/intermediate/dense/bias:0, shape = (3072,), *INIT_FROM_CKPT*
I0622 09:30:48.597170 140574683744064 run_classifier_sci.py:750]   name = bert/encoder/layer_3/intermediate/dense/bias:0, shape = (3072,), *INIT_FROM_CKPT*
INFO:tensorflow:  name = bert/encoder/layer_3/output/dense/kernel:0, shape = (3072, 768), *INIT_FROM_CKPT*
I0622 09:30:48.597275 140574683744064 run_classifier_sci.py:750]   name = bert/encoder/layer_3/output/dense/kernel:0, shape = (3072, 768), *INIT_FROM_CKPT*
INFO:tensorflow:  name = bert/encoder/layer_3/output/dense/bias:0, shape = (768,), *INIT_FROM_CKPT*
I0622 09:30:48.597383 140574683744064 run_classifier_sci.py:750]   name = bert/encoder/layer_3/output/dense/bias:0, shape = (768,), *INIT_FROM_CKPT*
INFO:tensorflow:  name = bert/encoder/layer_3/output/LayerNorm/beta:0, shape = (768,), *INIT_FROM_CKPT*
I0622 09:30:48.597486 140574683744064 run_classifier_sci.py:750]   name = bert/encoder/layer_3/output/LayerNorm/beta:0, shape = (768,), *INIT_FROM_CKPT*
INFO:tensorflow:  name = bert/encoder/layer_3/output/LayerNorm/gamma:0, shape = (768,), *INIT_FROM_CKPT*
I0622 09:30:48.597589 140574683744064 run_classifier_sci.py:750]   name = bert/encoder/layer_3/output/LayerNorm/gamma:0, shape = (768,), *INIT_FROM_CKPT*
INFO:tensorflow:  name = bert/encoder/layer_4/attention/self/query/kernel:0, shape = (768, 768), *INIT_FROM_CKPT*
I0622 09:30:48.597691 140574683744064 run_classifier_sci.py:750]   name = bert/encoder/layer_4/attention/self/query/kernel:0, shape = (768, 768), *INIT_FROM_CKPT*
INFO:tensorflow:  name = bert/encoder/layer_4/attention/self/query/bias:0, shape = (768,), *INIT_FROM_CKPT*
I0622 09:30:48.597800 140574683744064 run_classifier_sci.py:750]   name = bert/encoder/layer_4/attention/self/query/bias:0, shape = (768,), *INIT_FROM_CKPT*
INFO:tensorflow:  name = bert/encoder/layer_4/attention/self/key/kernel:0, shape = (768, 768), *INIT_FROM_CKPT*
I0622 09:30:48.597904 140574683744064 run_classifier_sci.py:750]   name = bert/encoder/layer_4/attention/self/key/kernel:0, shape = (768, 768), *INIT_FROM_CKPT*
INFO:tensorflow:  name = bert/encoder/layer_4/attention/self/key/bias:0, shape = (768,), *INIT_FROM_CKPT*
I0622 09:30:48.598012 140574683744064 run_classifier_sci.py:750]   name = bert/encoder/layer_4/attention/self/key/bias:0, shape = (768,), *INIT_FROM_CKPT*
INFO:tensorflow:  name = bert/encoder/layer_4/attention/self/value/kernel:0, shape = (768, 768), *INIT_FROM_CKPT*
I0622 09:30:48.598117 140574683744064 run_classifier_sci.py:750]   name = bert/encoder/layer_4/attention/self/value/kernel:0, shape = (768, 768), *INIT_FROM_CKPT*
INFO:tensorflow:  name = bert/encoder/layer_4/attention/self/value/bias:0, shape = (768,), *INIT_FROM_CKPT*
I0622 09:30:48.598225 140574683744064 run_classifier_sci.py:750]   name = bert/encoder/layer_4/attention/self/value/bias:0, shape = (768,), *INIT_FROM_CKPT*
INFO:tensorflow:  name = bert/encoder/layer_4/attention/output/dense/kernel:0, shape = (768, 768), *INIT_FROM_CKPT*
I0622 09:30:48.598330 140574683744064 run_classifier_sci.py:750]   name = bert/encoder/layer_4/attention/output/dense/kernel:0, shape = (768, 768), *INIT_FROM_CKPT*
INFO:tensorflow:  name = bert/encoder/layer_4/attention/output/dense/bias:0, shape = (768,), *INIT_FROM_CKPT*
I0622 09:30:48.598439 140574683744064 run_classifier_sci.py:750]   name = bert/encoder/layer_4/attention/output/dense/bias:0, shape = (768,), *INIT_FROM_CKPT*
INFO:tensorflow:  name = bert/encoder/layer_4/attention/output/LayerNorm/beta:0, shape = (768,), *INIT_FROM_CKPT*
I0622 09:30:48.598542 140574683744064 run_classifier_sci.py:750]   name = bert/encoder/layer_4/attention/output/LayerNorm/beta:0, shape = (768,), *INIT_FROM_CKPT*
INFO:tensorflow:  name = bert/encoder/layer_4/attention/output/LayerNorm/gamma:0, shape = (768,), *INIT_FROM_CKPT*
I0622 09:30:48.598644 140574683744064 run_classifier_sci.py:750]   name = bert/encoder/layer_4/attention/output/LayerNorm/gamma:0, shape = (768,), *INIT_FROM_CKPT*
INFO:tensorflow:  name = bert/encoder/layer_4/intermediate/dense/kernel:0, shape = (768, 3072), *INIT_FROM_CKPT*
I0622 09:30:48.598746 140574683744064 run_classifier_sci.py:750]   name = bert/encoder/layer_4/intermediate/dense/kernel:0, shape = (768, 3072), *INIT_FROM_CKPT*
INFO:tensorflow:  name = bert/encoder/layer_4/intermediate/dense/bias:0, shape = (3072,), *INIT_FROM_CKPT*
I0622 09:30:48.598857 140574683744064 run_classifier_sci.py:750]   name = bert/encoder/layer_4/intermediate/dense/bias:0, shape = (3072,), *INIT_FROM_CKPT*
INFO:tensorflow:  name = bert/encoder/layer_4/output/dense/kernel:0, shape = (3072, 768), *INIT_FROM_CKPT*
I0622 09:30:48.598962 140574683744064 run_classifier_sci.py:750]   name = bert/encoder/layer_4/output/dense/kernel:0, shape = (3072, 768), *INIT_FROM_CKPT*
INFO:tensorflow:  name = bert/encoder/layer_4/output/dense/bias:0, shape = (768,), *INIT_FROM_CKPT*
I0622 09:30:48.599070 140574683744064 run_classifier_sci.py:750]   name = bert/encoder/layer_4/output/dense/bias:0, shape = (768,), *INIT_FROM_CKPT*
INFO:tensorflow:  name = bert/encoder/layer_4/output/LayerNorm/beta:0, shape = (768,), *INIT_FROM_CKPT*
I0622 09:30:48.599174 140574683744064 run_classifier_sci.py:750]   name = bert/encoder/layer_4/output/LayerNorm/beta:0, shape = (768,), *INIT_FROM_CKPT*
INFO:tensorflow:  name = bert/encoder/layer_4/output/LayerNorm/gamma:0, shape = (768,), *INIT_FROM_CKPT*
I0622 09:30:48.599277 140574683744064 run_classifier_sci.py:750]   name = bert/encoder/layer_4/output/LayerNorm/gamma:0, shape = (768,), *INIT_FROM_CKPT*
INFO:tensorflow:  name = bert/encoder/layer_5/attention/self/query/kernel:0, shape = (768, 768), *INIT_FROM_CKPT*
I0622 09:30:48.599380 140574683744064 run_classifier_sci.py:750]   name = bert/encoder/layer_5/attention/self/query/kernel:0, shape = (768, 768), *INIT_FROM_CKPT*
INFO:tensorflow:  name = bert/encoder/layer_5/attention/self/query/bias:0, shape = (768,), *INIT_FROM_CKPT*
I0622 09:30:48.599488 140574683744064 run_classifier_sci.py:750]   name = bert/encoder/layer_5/attention/self/query/bias:0, shape = (768,), *INIT_FROM_CKPT*
INFO:tensorflow:  name = bert/encoder/layer_5/attention/self/key/kernel:0, shape = (768, 768), *INIT_FROM_CKPT*
I0622 09:30:48.599592 140574683744064 run_classifier_sci.py:750]   name = bert/encoder/layer_5/attention/self/key/kernel:0, shape = (768, 768), *INIT_FROM_CKPT*
INFO:tensorflow:  name = bert/encoder/layer_5/attention/self/key/bias:0, shape = (768,), *INIT_FROM_CKPT*
I0622 09:30:48.599700 140574683744064 run_classifier_sci.py:750]   name = bert/encoder/layer_5/attention/self/key/bias:0, shape = (768,), *INIT_FROM_CKPT*
INFO:tensorflow:  name = bert/encoder/layer_5/attention/self/value/kernel:0, shape = (768, 768), *INIT_FROM_CKPT*
I0622 09:30:48.599804 140574683744064 run_classifier_sci.py:750]   name = bert/encoder/layer_5/attention/self/value/kernel:0, shape = (768, 768), *INIT_FROM_CKPT*
INFO:tensorflow:  name = bert/encoder/layer_5/attention/self/value/bias:0, shape = (768,), *INIT_FROM_CKPT*
I0622 09:30:48.599920 140574683744064 run_classifier_sci.py:750]   name = bert/encoder/layer_5/attention/self/value/bias:0, shape = (768,), *INIT_FROM_CKPT*
INFO:tensorflow:  name = bert/encoder/layer_5/attention/output/dense/kernel:0, shape = (768, 768), *INIT_FROM_CKPT*
I0622 09:30:48.600025 140574683744064 run_classifier_sci.py:750]   name = bert/encoder/layer_5/attention/output/dense/kernel:0, shape = (768, 768), *INIT_FROM_CKPT*
INFO:tensorflow:  name = bert/encoder/layer_5/attention/output/dense/bias:0, shape = (768,), *INIT_FROM_CKPT*
I0622 09:30:48.600133 140574683744064 run_classifier_sci.py:750]   name = bert/encoder/layer_5/attention/output/dense/bias:0, shape = (768,), *INIT_FROM_CKPT*
INFO:tensorflow:  name = bert/encoder/layer_5/attention/output/LayerNorm/beta:0, shape = (768,), *INIT_FROM_CKPT*
I0622 09:30:48.600238 140574683744064 run_classifier_sci.py:750]   name = bert/encoder/layer_5/attention/output/LayerNorm/beta:0, shape = (768,), *INIT_FROM_CKPT*
INFO:tensorflow:  name = bert/encoder/layer_5/attention/output/LayerNorm/gamma:0, shape = (768,), *INIT_FROM_CKPT*
I0622 09:30:48.600340 140574683744064 run_classifier_sci.py:750]   name = bert/encoder/layer_5/attention/output/LayerNorm/gamma:0, shape = (768,), *INIT_FROM_CKPT*
INFO:tensorflow:  name = bert/encoder/layer_5/intermediate/dense/kernel:0, shape = (768, 3072), *INIT_FROM_CKPT*
I0622 09:30:48.600446 140574683744064 run_classifier_sci.py:750]   name = bert/encoder/layer_5/intermediate/dense/kernel:0, shape = (768, 3072), *INIT_FROM_CKPT*
INFO:tensorflow:  name = bert/encoder/layer_5/intermediate/dense/bias:0, shape = (3072,), *INIT_FROM_CKPT*
I0622 09:30:48.600556 140574683744064 run_classifier_sci.py:750]   name = bert/encoder/layer_5/intermediate/dense/bias:0, shape = (3072,), *INIT_FROM_CKPT*
INFO:tensorflow:  name = bert/encoder/layer_5/output/dense/kernel:0, shape = (3072, 768), *INIT_FROM_CKPT*
I0622 09:30:48.600659 140574683744064 run_classifier_sci.py:750]   name = bert/encoder/layer_5/output/dense/kernel:0, shape = (3072, 768), *INIT_FROM_CKPT*
INFO:tensorflow:  name = bert/encoder/layer_5/output/dense/bias:0, shape = (768,), *INIT_FROM_CKPT*
I0622 09:30:48.600767 140574683744064 run_classifier_sci.py:750]   name = bert/encoder/layer_5/output/dense/bias:0, shape = (768,), *INIT_FROM_CKPT*
INFO:tensorflow:  name = bert/encoder/layer_5/output/LayerNorm/beta:0, shape = (768,), *INIT_FROM_CKPT*
I0622 09:30:48.600870 140574683744064 run_classifier_sci.py:750]   name = bert/encoder/layer_5/output/LayerNorm/beta:0, shape = (768,), *INIT_FROM_CKPT*
INFO:tensorflow:  name = bert/encoder/layer_5/output/LayerNorm/gamma:0, shape = (768,), *INIT_FROM_CKPT*
I0622 09:30:48.600973 140574683744064 run_classifier_sci.py:750]   name = bert/encoder/layer_5/output/LayerNorm/gamma:0, shape = (768,), *INIT_FROM_CKPT*
INFO:tensorflow:  name = bert/encoder/layer_6/attention/self/query/kernel:0, shape = (768, 768), *INIT_FROM_CKPT*
I0622 09:30:48.601075 140574683744064 run_classifier_sci.py:750]   name = bert/encoder/layer_6/attention/self/query/kernel:0, shape = (768, 768), *INIT_FROM_CKPT*
INFO:tensorflow:  name = bert/encoder/layer_6/attention/self/query/bias:0, shape = (768,), *INIT_FROM_CKPT*
I0622 09:30:48.601184 140574683744064 run_classifier_sci.py:750]   name = bert/encoder/layer_6/attention/self/query/bias:0, shape = (768,), *INIT_FROM_CKPT*
INFO:tensorflow:  name = bert/encoder/layer_6/attention/self/key/kernel:0, shape = (768, 768), *INIT_FROM_CKPT*
I0622 09:30:48.601288 140574683744064 run_classifier_sci.py:750]   name = bert/encoder/layer_6/attention/self/key/kernel:0, shape = (768, 768), *INIT_FROM_CKPT*
INFO:tensorflow:  name = bert/encoder/layer_6/attention/self/key/bias:0, shape = (768,), *INIT_FROM_CKPT*
I0622 09:30:48.601396 140574683744064 run_classifier_sci.py:750]   name = bert/encoder/layer_6/attention/self/key/bias:0, shape = (768,), *INIT_FROM_CKPT*
INFO:tensorflow:  name = bert/encoder/layer_6/attention/self/value/kernel:0, shape = (768, 768), *INIT_FROM_CKPT*
I0622 09:30:48.601500 140574683744064 run_classifier_sci.py:750]   name = bert/encoder/layer_6/attention/self/value/kernel:0, shape = (768, 768), *INIT_FROM_CKPT*
INFO:tensorflow:  name = bert/encoder/layer_6/attention/self/value/bias:0, shape = (768,), *INIT_FROM_CKPT*
I0622 09:30:48.601608 140574683744064 run_classifier_sci.py:750]   name = bert/encoder/layer_6/attention/self/value/bias:0, shape = (768,), *INIT_FROM_CKPT*
INFO:tensorflow:  name = bert/encoder/layer_6/attention/output/dense/kernel:0, shape = (768, 768), *INIT_FROM_CKPT*
I0622 09:30:48.601711 140574683744064 run_classifier_sci.py:750]   name = bert/encoder/layer_6/attention/output/dense/kernel:0, shape = (768, 768), *INIT_FROM_CKPT*
INFO:tensorflow:  name = bert/encoder/layer_6/attention/output/dense/bias:0, shape = (768,), *INIT_FROM_CKPT*
I0622 09:30:48.601820 140574683744064 run_classifier_sci.py:750]   name = bert/encoder/layer_6/attention/output/dense/bias:0, shape = (768,), *INIT_FROM_CKPT*
INFO:tensorflow:  name = bert/encoder/layer_6/attention/output/LayerNorm/beta:0, shape = (768,), *INIT_FROM_CKPT*
I0622 09:30:48.601923 140574683744064 run_classifier_sci.py:750]   name = bert/encoder/layer_6/attention/output/LayerNorm/beta:0, shape = (768,), *INIT_FROM_CKPT*
INFO:tensorflow:  name = bert/encoder/layer_6/attention/output/LayerNorm/gamma:0, shape = (768,), *INIT_FROM_CKPT*
I0622 09:30:48.602028 140574683744064 run_classifier_sci.py:750]   name = bert/encoder/layer_6/attention/output/LayerNorm/gamma:0, shape = (768,), *INIT_FROM_CKPT*
INFO:tensorflow:  name = bert/encoder/layer_6/intermediate/dense/kernel:0, shape = (768, 3072), *INIT_FROM_CKPT*
I0622 09:30:48.602132 140574683744064 run_classifier_sci.py:750]   name = bert/encoder/layer_6/intermediate/dense/kernel:0, shape = (768, 3072), *INIT_FROM_CKPT*
INFO:tensorflow:  name = bert/encoder/layer_6/intermediate/dense/bias:0, shape = (3072,), *INIT_FROM_CKPT*
I0622 09:30:48.602239 140574683744064 run_classifier_sci.py:750]   name = bert/encoder/layer_6/intermediate/dense/bias:0, shape = (3072,), *INIT_FROM_CKPT*
INFO:tensorflow:  name = bert/encoder/layer_6/output/dense/kernel:0, shape = (3072, 768), *INIT_FROM_CKPT*
I0622 09:30:48.602343 140574683744064 run_classifier_sci.py:750]   name = bert/encoder/layer_6/output/dense/kernel:0, shape = (3072, 768), *INIT_FROM_CKPT*
INFO:tensorflow:  name = bert/encoder/layer_6/output/dense/bias:0, shape = (768,), *INIT_FROM_CKPT*
I0622 09:30:48.602451 140574683744064 run_classifier_sci.py:750]   name = bert/encoder/layer_6/output/dense/bias:0, shape = (768,), *INIT_FROM_CKPT*
INFO:tensorflow:  name = bert/encoder/layer_6/output/LayerNorm/beta:0, shape = (768,), *INIT_FROM_CKPT*
I0622 09:30:48.602554 140574683744064 run_classifier_sci.py:750]   name = bert/encoder/layer_6/output/LayerNorm/beta:0, shape = (768,), *INIT_FROM_CKPT*
INFO:tensorflow:  name = bert/encoder/layer_6/output/LayerNorm/gamma:0, shape = (768,), *INIT_FROM_CKPT*
I0622 09:30:48.602657 140574683744064 run_classifier_sci.py:750]   name = bert/encoder/layer_6/output/LayerNorm/gamma:0, shape = (768,), *INIT_FROM_CKPT*
INFO:tensorflow:  name = bert/encoder/layer_7/attention/self/query/kernel:0, shape = (768, 768), *INIT_FROM_CKPT*
I0622 09:30:48.602760 140574683744064 run_classifier_sci.py:750]   name = bert/encoder/layer_7/attention/self/query/kernel:0, shape = (768, 768), *INIT_FROM_CKPT*
INFO:tensorflow:  name = bert/encoder/layer_7/attention/self/query/bias:0, shape = (768,), *INIT_FROM_CKPT*
I0622 09:30:48.602869 140574683744064 run_classifier_sci.py:750]   name = bert/encoder/layer_7/attention/self/query/bias:0, shape = (768,), *INIT_FROM_CKPT*
INFO:tensorflow:  name = bert/encoder/layer_7/attention/self/key/kernel:0, shape = (768, 768), *INIT_FROM_CKPT*
I0622 09:30:48.602972 140574683744064 run_classifier_sci.py:750]   name = bert/encoder/layer_7/attention/self/key/kernel:0, shape = (768, 768), *INIT_FROM_CKPT*
INFO:tensorflow:  name = bert/encoder/layer_7/attention/self/key/bias:0, shape = (768,), *INIT_FROM_CKPT*
I0622 09:30:48.603080 140574683744064 run_classifier_sci.py:750]   name = bert/encoder/layer_7/attention/self/key/bias:0, shape = (768,), *INIT_FROM_CKPT*
INFO:tensorflow:  name = bert/encoder/layer_7/attention/self/value/kernel:0, shape = (768, 768), *INIT_FROM_CKPT*
I0622 09:30:48.603183 140574683744064 run_classifier_sci.py:750]   name = bert/encoder/layer_7/attention/self/value/kernel:0, shape = (768, 768), *INIT_FROM_CKPT*
INFO:tensorflow:  name = bert/encoder/layer_7/attention/self/value/bias:0, shape = (768,), *INIT_FROM_CKPT*
I0622 09:30:48.603292 140574683744064 run_classifier_sci.py:750]   name = bert/encoder/layer_7/attention/self/value/bias:0, shape = (768,), *INIT_FROM_CKPT*
INFO:tensorflow:  name = bert/encoder/layer_7/attention/output/dense/kernel:0, shape = (768, 768), *INIT_FROM_CKPT*
I0622 09:30:48.603396 140574683744064 run_classifier_sci.py:750]   name = bert/encoder/layer_7/attention/output/dense/kernel:0, shape = (768, 768), *INIT_FROM_CKPT*
INFO:tensorflow:  name = bert/encoder/layer_7/attention/output/dense/bias:0, shape = (768,), *INIT_FROM_CKPT*
I0622 09:30:48.603504 140574683744064 run_classifier_sci.py:750]   name = bert/encoder/layer_7/attention/output/dense/bias:0, shape = (768,), *INIT_FROM_CKPT*
INFO:tensorflow:  name = bert/encoder/layer_7/attention/output/LayerNorm/beta:0, shape = (768,), *INIT_FROM_CKPT*
I0622 09:30:48.603608 140574683744064 run_classifier_sci.py:750]   name = bert/encoder/layer_7/attention/output/LayerNorm/beta:0, shape = (768,), *INIT_FROM_CKPT*
INFO:tensorflow:  name = bert/encoder/layer_7/attention/output/LayerNorm/gamma:0, shape = (768,), *INIT_FROM_CKPT*
I0622 09:30:48.603714 140574683744064 run_classifier_sci.py:750]   name = bert/encoder/layer_7/attention/output/LayerNorm/gamma:0, shape = (768,), *INIT_FROM_CKPT*
INFO:tensorflow:  name = bert/encoder/layer_7/intermediate/dense/kernel:0, shape = (768, 3072), *INIT_FROM_CKPT*
I0622 09:30:48.603818 140574683744064 run_classifier_sci.py:750]   name = bert/encoder/layer_7/intermediate/dense/kernel:0, shape = (768, 3072), *INIT_FROM_CKPT*
INFO:tensorflow:  name = bert/encoder/layer_7/intermediate/dense/bias:0, shape = (3072,), *INIT_FROM_CKPT*
I0622 09:30:48.603936 140574683744064 run_classifier_sci.py:750]   name = bert/encoder/layer_7/intermediate/dense/bias:0, shape = (3072,), *INIT_FROM_CKPT*
INFO:tensorflow:  name = bert/encoder/layer_7/output/dense/kernel:0, shape = (3072, 768), *INIT_FROM_CKPT*
I0622 09:30:48.604040 140574683744064 run_classifier_sci.py:750]   name = bert/encoder/layer_7/output/dense/kernel:0, shape = (3072, 768), *INIT_FROM_CKPT*
INFO:tensorflow:  name = bert/encoder/layer_7/output/dense/bias:0, shape = (768,), *INIT_FROM_CKPT*
I0622 09:30:48.604149 140574683744064 run_classifier_sci.py:750]   name = bert/encoder/layer_7/output/dense/bias:0, shape = (768,), *INIT_FROM_CKPT*
INFO:tensorflow:  name = bert/encoder/layer_7/output/LayerNorm/beta:0, shape = (768,), *INIT_FROM_CKPT*
I0622 09:30:48.604252 140574683744064 run_classifier_sci.py:750]   name = bert/encoder/layer_7/output/LayerNorm/beta:0, shape = (768,), *INIT_FROM_CKPT*
INFO:tensorflow:  name = bert/encoder/layer_7/output/LayerNorm/gamma:0, shape = (768,), *INIT_FROM_CKPT*
I0622 09:30:48.604356 140574683744064 run_classifier_sci.py:750]   name = bert/encoder/layer_7/output/LayerNorm/gamma:0, shape = (768,), *INIT_FROM_CKPT*
INFO:tensorflow:  name = bert/encoder/layer_8/attention/self/query/kernel:0, shape = (768, 768), *INIT_FROM_CKPT*
I0622 09:30:48.604459 140574683744064 run_classifier_sci.py:750]   name = bert/encoder/layer_8/attention/self/query/kernel:0, shape = (768, 768), *INIT_FROM_CKPT*
INFO:tensorflow:  name = bert/encoder/layer_8/attention/self/query/bias:0, shape = (768,), *INIT_FROM_CKPT*
I0622 09:30:48.604568 140574683744064 run_classifier_sci.py:750]   name = bert/encoder/layer_8/attention/self/query/bias:0, shape = (768,), *INIT_FROM_CKPT*
INFO:tensorflow:  name = bert/encoder/layer_8/attention/self/key/kernel:0, shape = (768, 768), *INIT_FROM_CKPT*
I0622 09:30:48.604670 140574683744064 run_classifier_sci.py:750]   name = bert/encoder/layer_8/attention/self/key/kernel:0, shape = (768, 768), *INIT_FROM_CKPT*
INFO:tensorflow:  name = bert/encoder/layer_8/attention/self/key/bias:0, shape = (768,), *INIT_FROM_CKPT*
I0622 09:30:48.604778 140574683744064 run_classifier_sci.py:750]   name = bert/encoder/layer_8/attention/self/key/bias:0, shape = (768,), *INIT_FROM_CKPT*
INFO:tensorflow:  name = bert/encoder/layer_8/attention/self/value/kernel:0, shape = (768, 768), *INIT_FROM_CKPT*
I0622 09:30:48.604881 140574683744064 run_classifier_sci.py:750]   name = bert/encoder/layer_8/attention/self/value/kernel:0, shape = (768, 768), *INIT_FROM_CKPT*
INFO:tensorflow:  name = bert/encoder/layer_8/attention/self/value/bias:0, shape = (768,), *INIT_FROM_CKPT*
I0622 09:30:48.604990 140574683744064 run_classifier_sci.py:750]   name = bert/encoder/layer_8/attention/self/value/bias:0, shape = (768,), *INIT_FROM_CKPT*
INFO:tensorflow:  name = bert/encoder/layer_8/attention/output/dense/kernel:0, shape = (768, 768), *INIT_FROM_CKPT*
I0622 09:30:48.605093 140574683744064 run_classifier_sci.py:750]   name = bert/encoder/layer_8/attention/output/dense/kernel:0, shape = (768, 768), *INIT_FROM_CKPT*
INFO:tensorflow:  name = bert/encoder/layer_8/attention/output/dense/bias:0, shape = (768,), *INIT_FROM_CKPT*
I0622 09:30:48.605201 140574683744064 run_classifier_sci.py:750]   name = bert/encoder/layer_8/attention/output/dense/bias:0, shape = (768,), *INIT_FROM_CKPT*
INFO:tensorflow:  name = bert/encoder/layer_8/attention/output/LayerNorm/beta:0, shape = (768,), *INIT_FROM_CKPT*
I0622 09:30:48.605307 140574683744064 run_classifier_sci.py:750]   name = bert/encoder/layer_8/attention/output/LayerNorm/beta:0, shape = (768,), *INIT_FROM_CKPT*
INFO:tensorflow:  name = bert/encoder/layer_8/attention/output/LayerNorm/gamma:0, shape = (768,), *INIT_FROM_CKPT*
I0622 09:30:48.605411 140574683744064 run_classifier_sci.py:750]   name = bert/encoder/layer_8/attention/output/LayerNorm/gamma:0, shape = (768,), *INIT_FROM_CKPT*
INFO:tensorflow:  name = bert/encoder/layer_8/intermediate/dense/kernel:0, shape = (768, 3072), *INIT_FROM_CKPT*
I0622 09:30:48.605515 140574683744064 run_classifier_sci.py:750]   name = bert/encoder/layer_8/intermediate/dense/kernel:0, shape = (768, 3072), *INIT_FROM_CKPT*
INFO:tensorflow:  name = bert/encoder/layer_8/intermediate/dense/bias:0, shape = (3072,), *INIT_FROM_CKPT*
I0622 09:30:48.605623 140574683744064 run_classifier_sci.py:750]   name = bert/encoder/layer_8/intermediate/dense/bias:0, shape = (3072,), *INIT_FROM_CKPT*
INFO:tensorflow:  name = bert/encoder/layer_8/output/dense/kernel:0, shape = (3072, 768), *INIT_FROM_CKPT*
I0622 09:30:48.605726 140574683744064 run_classifier_sci.py:750]   name = bert/encoder/layer_8/output/dense/kernel:0, shape = (3072, 768), *INIT_FROM_CKPT*
INFO:tensorflow:  name = bert/encoder/layer_8/output/dense/bias:0, shape = (768,), *INIT_FROM_CKPT*
I0622 09:30:48.605833 140574683744064 run_classifier_sci.py:750]   name = bert/encoder/layer_8/output/dense/bias:0, shape = (768,), *INIT_FROM_CKPT*
INFO:tensorflow:  name = bert/encoder/layer_8/output/LayerNorm/beta:0, shape = (768,), *INIT_FROM_CKPT*
I0622 09:30:48.605936 140574683744064 run_classifier_sci.py:750]   name = bert/encoder/layer_8/output/LayerNorm/beta:0, shape = (768,), *INIT_FROM_CKPT*
INFO:tensorflow:  name = bert/encoder/layer_8/output/LayerNorm/gamma:0, shape = (768,), *INIT_FROM_CKPT*
I0622 09:30:48.606039 140574683744064 run_classifier_sci.py:750]   name = bert/encoder/layer_8/output/LayerNorm/gamma:0, shape = (768,), *INIT_FROM_CKPT*
INFO:tensorflow:  name = bert/encoder/layer_9/attention/self/query/kernel:0, shape = (768, 768), *INIT_FROM_CKPT*
I0622 09:30:48.606141 140574683744064 run_classifier_sci.py:750]   name = bert/encoder/layer_9/attention/self/query/kernel:0, shape = (768, 768), *INIT_FROM_CKPT*
INFO:tensorflow:  name = bert/encoder/layer_9/attention/self/query/bias:0, shape = (768,), *INIT_FROM_CKPT*
I0622 09:30:48.606250 140574683744064 run_classifier_sci.py:750]   name = bert/encoder/layer_9/attention/self/query/bias:0, shape = (768,), *INIT_FROM_CKPT*
INFO:tensorflow:  name = bert/encoder/layer_9/attention/self/key/kernel:0, shape = (768, 768), *INIT_FROM_CKPT*
I0622 09:30:48.606354 140574683744064 run_classifier_sci.py:750]   name = bert/encoder/layer_9/attention/self/key/kernel:0, shape = (768, 768), *INIT_FROM_CKPT*
INFO:tensorflow:  name = bert/encoder/layer_9/attention/self/key/bias:0, shape = (768,), *INIT_FROM_CKPT*
I0622 09:30:48.606462 140574683744064 run_classifier_sci.py:750]   name = bert/encoder/layer_9/attention/self/key/bias:0, shape = (768,), *INIT_FROM_CKPT*
INFO:tensorflow:  name = bert/encoder/layer_9/attention/self/value/kernel:0, shape = (768, 768), *INIT_FROM_CKPT*
I0622 09:30:48.606565 140574683744064 run_classifier_sci.py:750]   name = bert/encoder/layer_9/attention/self/value/kernel:0, shape = (768, 768), *INIT_FROM_CKPT*
INFO:tensorflow:  name = bert/encoder/layer_9/attention/self/value/bias:0, shape = (768,), *INIT_FROM_CKPT*
I0622 09:30:48.606674 140574683744064 run_classifier_sci.py:750]   name = bert/encoder/layer_9/attention/self/value/bias:0, shape = (768,), *INIT_FROM_CKPT*
INFO:tensorflow:  name = bert/encoder/layer_9/attention/output/dense/kernel:0, shape = (768, 768), *INIT_FROM_CKPT*
I0622 09:30:48.606777 140574683744064 run_classifier_sci.py:750]   name = bert/encoder/layer_9/attention/output/dense/kernel:0, shape = (768, 768), *INIT_FROM_CKPT*
INFO:tensorflow:  name = bert/encoder/layer_9/attention/output/dense/bias:0, shape = (768,), *INIT_FROM_CKPT*
I0622 09:30:48.606887 140574683744064 run_classifier_sci.py:750]   name = bert/encoder/layer_9/attention/output/dense/bias:0, shape = (768,), *INIT_FROM_CKPT*
INFO:tensorflow:  name = bert/encoder/layer_9/attention/output/LayerNorm/beta:0, shape = (768,), *INIT_FROM_CKPT*
I0622 09:30:48.606991 140574683744064 run_classifier_sci.py:750]   name = bert/encoder/layer_9/attention/output/LayerNorm/beta:0, shape = (768,), *INIT_FROM_CKPT*
INFO:tensorflow:  name = bert/encoder/layer_9/attention/output/LayerNorm/gamma:0, shape = (768,), *INIT_FROM_CKPT*
I0622 09:30:48.607095 140574683744064 run_classifier_sci.py:750]   name = bert/encoder/layer_9/attention/output/LayerNorm/gamma:0, shape = (768,), *INIT_FROM_CKPT*
INFO:tensorflow:  name = bert/encoder/layer_9/intermediate/dense/kernel:0, shape = (768, 3072), *INIT_FROM_CKPT*
I0622 09:30:48.607199 140574683744064 run_classifier_sci.py:750]   name = bert/encoder/layer_9/intermediate/dense/kernel:0, shape = (768, 3072), *INIT_FROM_CKPT*
INFO:tensorflow:  name = bert/encoder/layer_9/intermediate/dense/bias:0, shape = (3072,), *INIT_FROM_CKPT*
I0622 09:30:48.607308 140574683744064 run_classifier_sci.py:750]   name = bert/encoder/layer_9/intermediate/dense/bias:0, shape = (3072,), *INIT_FROM_CKPT*
INFO:tensorflow:  name = bert/encoder/layer_9/output/dense/kernel:0, shape = (3072, 768), *INIT_FROM_CKPT*
I0622 09:30:48.607410 140574683744064 run_classifier_sci.py:750]   name = bert/encoder/layer_9/output/dense/kernel:0, shape = (3072, 768), *INIT_FROM_CKPT*
INFO:tensorflow:  name = bert/encoder/layer_9/output/dense/bias:0, shape = (768,), *INIT_FROM_CKPT*
I0622 09:30:48.607518 140574683744064 run_classifier_sci.py:750]   name = bert/encoder/layer_9/output/dense/bias:0, shape = (768,), *INIT_FROM_CKPT*
INFO:tensorflow:  name = bert/encoder/layer_9/output/LayerNorm/beta:0, shape = (768,), *INIT_FROM_CKPT*
I0622 09:30:48.607622 140574683744064 run_classifier_sci.py:750]   name = bert/encoder/layer_9/output/LayerNorm/beta:0, shape = (768,), *INIT_FROM_CKPT*
INFO:tensorflow:  name = bert/encoder/layer_9/output/LayerNorm/gamma:0, shape = (768,), *INIT_FROM_CKPT*
I0622 09:30:48.607725 140574683744064 run_classifier_sci.py:750]   name = bert/encoder/layer_9/output/LayerNorm/gamma:0, shape = (768,), *INIT_FROM_CKPT*
INFO:tensorflow:  name = bert/encoder/layer_10/attention/self/query/kernel:0, shape = (768, 768), *INIT_FROM_CKPT*
I0622 09:30:48.607833 140574683744064 run_classifier_sci.py:750]   name = bert/encoder/layer_10/attention/self/query/kernel:0, shape = (768, 768), *INIT_FROM_CKPT*
INFO:tensorflow:  name = bert/encoder/layer_10/attention/self/query/bias:0, shape = (768,), *INIT_FROM_CKPT*
I0622 09:30:48.607947 140574683744064 run_classifier_sci.py:750]   name = bert/encoder/layer_10/attention/self/query/bias:0, shape = (768,), *INIT_FROM_CKPT*
INFO:tensorflow:  name = bert/encoder/layer_10/attention/self/key/kernel:0, shape = (768, 768), *INIT_FROM_CKPT*
I0622 09:30:48.608052 140574683744064 run_classifier_sci.py:750]   name = bert/encoder/layer_10/attention/self/key/kernel:0, shape = (768, 768), *INIT_FROM_CKPT*
INFO:tensorflow:  name = bert/encoder/layer_10/attention/self/key/bias:0, shape = (768,), *INIT_FROM_CKPT*
I0622 09:30:48.608160 140574683744064 run_classifier_sci.py:750]   name = bert/encoder/layer_10/attention/self/key/bias:0, shape = (768,), *INIT_FROM_CKPT*
INFO:tensorflow:  name = bert/encoder/layer_10/attention/self/value/kernel:0, shape = (768, 768), *INIT_FROM_CKPT*
I0622 09:30:48.608262 140574683744064 run_classifier_sci.py:750]   name = bert/encoder/layer_10/attention/self/value/kernel:0, shape = (768, 768), *INIT_FROM_CKPT*
INFO:tensorflow:  name = bert/encoder/layer_10/attention/self/value/bias:0, shape = (768,), *INIT_FROM_CKPT*
I0622 09:30:48.608371 140574683744064 run_classifier_sci.py:750]   name = bert/encoder/layer_10/attention/self/value/bias:0, shape = (768,), *INIT_FROM_CKPT*
INFO:tensorflow:  name = bert/encoder/layer_10/attention/output/dense/kernel:0, shape = (768, 768), *INIT_FROM_CKPT*
I0622 09:30:48.608449 140574683744064 run_classifier_sci.py:750]   name = bert/encoder/layer_10/attention/output/dense/kernel:0, shape = (768, 768), *INIT_FROM_CKPT*
INFO:tensorflow:  name = bert/encoder/layer_10/attention/output/dense/bias:0, shape = (768,), *INIT_FROM_CKPT*
I0622 09:30:48.608507 140574683744064 run_classifier_sci.py:750]   name = bert/encoder/layer_10/attention/output/dense/bias:0, shape = (768,), *INIT_FROM_CKPT*
INFO:tensorflow:  name = bert/encoder/layer_10/attention/output/LayerNorm/beta:0, shape = (768,), *INIT_FROM_CKPT*
I0622 09:30:48.608556 140574683744064 run_classifier_sci.py:750]   name = bert/encoder/layer_10/attention/output/LayerNorm/beta:0, shape = (768,), *INIT_FROM_CKPT*
INFO:tensorflow:  name = bert/encoder/layer_10/attention/output/LayerNorm/gamma:0, shape = (768,), *INIT_FROM_CKPT*
I0622 09:30:48.608602 140574683744064 run_classifier_sci.py:750]   name = bert/encoder/layer_10/attention/output/LayerNorm/gamma:0, shape = (768,), *INIT_FROM_CKPT*
INFO:tensorflow:  name = bert/encoder/layer_10/intermediate/dense/kernel:0, shape = (768, 3072), *INIT_FROM_CKPT*
I0622 09:30:48.608649 140574683744064 run_classifier_sci.py:750]   name = bert/encoder/layer_10/intermediate/dense/kernel:0, shape = (768, 3072), *INIT_FROM_CKPT*
INFO:tensorflow:  name = bert/encoder/layer_10/intermediate/dense/bias:0, shape = (3072,), *INIT_FROM_CKPT*
I0622 09:30:48.608699 140574683744064 run_classifier_sci.py:750]   name = bert/encoder/layer_10/intermediate/dense/bias:0, shape = (3072,), *INIT_FROM_CKPT*
INFO:tensorflow:  name = bert/encoder/layer_10/output/dense/kernel:0, shape = (3072, 768), *INIT_FROM_CKPT*
I0622 09:30:48.608745 140574683744064 run_classifier_sci.py:750]   name = bert/encoder/layer_10/output/dense/kernel:0, shape = (3072, 768), *INIT_FROM_CKPT*
INFO:tensorflow:  name = bert/encoder/layer_10/output/dense/bias:0, shape = (768,), *INIT_FROM_CKPT*
I0622 09:30:48.608794 140574683744064 run_classifier_sci.py:750]   name = bert/encoder/layer_10/output/dense/bias:0, shape = (768,), *INIT_FROM_CKPT*
INFO:tensorflow:  name = bert/encoder/layer_10/output/LayerNorm/beta:0, shape = (768,), *INIT_FROM_CKPT*
I0622 09:30:48.608840 140574683744064 run_classifier_sci.py:750]   name = bert/encoder/layer_10/output/LayerNorm/beta:0, shape = (768,), *INIT_FROM_CKPT*
INFO:tensorflow:  name = bert/encoder/layer_10/output/LayerNorm/gamma:0, shape = (768,), *INIT_FROM_CKPT*
I0622 09:30:48.608885 140574683744064 run_classifier_sci.py:750]   name = bert/encoder/layer_10/output/LayerNorm/gamma:0, shape = (768,), *INIT_FROM_CKPT*
INFO:tensorflow:  name = bert/encoder/layer_11/attention/self/query/kernel:0, shape = (768, 768), *INIT_FROM_CKPT*
I0622 09:30:48.608931 140574683744064 run_classifier_sci.py:750]   name = bert/encoder/layer_11/attention/self/query/kernel:0, shape = (768, 768), *INIT_FROM_CKPT*
INFO:tensorflow:  name = bert/encoder/layer_11/attention/self/query/bias:0, shape = (768,), *INIT_FROM_CKPT*
I0622 09:30:48.608980 140574683744064 run_classifier_sci.py:750]   name = bert/encoder/layer_11/attention/self/query/bias:0, shape = (768,), *INIT_FROM_CKPT*
INFO:tensorflow:  name = bert/encoder/layer_11/attention/self/key/kernel:0, shape = (768, 768), *INIT_FROM_CKPT*
I0622 09:30:48.609026 140574683744064 run_classifier_sci.py:750]   name = bert/encoder/layer_11/attention/self/key/kernel:0, shape = (768, 768), *INIT_FROM_CKPT*
INFO:tensorflow:  name = bert/encoder/layer_11/attention/self/key/bias:0, shape = (768,), *INIT_FROM_CKPT*
I0622 09:30:48.609076 140574683744064 run_classifier_sci.py:750]   name = bert/encoder/layer_11/attention/self/key/bias:0, shape = (768,), *INIT_FROM_CKPT*
INFO:tensorflow:  name = bert/encoder/layer_11/attention/self/value/kernel:0, shape = (768, 768), *INIT_FROM_CKPT*
I0622 09:30:48.609121 140574683744064 run_classifier_sci.py:750]   name = bert/encoder/layer_11/attention/self/value/kernel:0, shape = (768, 768), *INIT_FROM_CKPT*
INFO:tensorflow:  name = bert/encoder/layer_11/attention/self/value/bias:0, shape = (768,), *INIT_FROM_CKPT*
I0622 09:30:48.609174 140574683744064 run_classifier_sci.py:750]   name = bert/encoder/layer_11/attention/self/value/bias:0, shape = (768,), *INIT_FROM_CKPT*
INFO:tensorflow:  name = bert/encoder/layer_11/attention/output/dense/kernel:0, shape = (768, 768), *INIT_FROM_CKPT*
I0622 09:30:48.609220 140574683744064 run_classifier_sci.py:750]   name = bert/encoder/layer_11/attention/output/dense/kernel:0, shape = (768, 768), *INIT_FROM_CKPT*
INFO:tensorflow:  name = bert/encoder/layer_11/attention/output/dense/bias:0, shape = (768,), *INIT_FROM_CKPT*
I0622 09:30:48.609268 140574683744064 run_classifier_sci.py:750]   name = bert/encoder/layer_11/attention/output/dense/bias:0, shape = (768,), *INIT_FROM_CKPT*
INFO:tensorflow:  name = bert/encoder/layer_11/attention/output/LayerNorm/beta:0, shape = (768,), *INIT_FROM_CKPT*
I0622 09:30:48.609314 140574683744064 run_classifier_sci.py:750]   name = bert/encoder/layer_11/attention/output/LayerNorm/beta:0, shape = (768,), *INIT_FROM_CKPT*
INFO:tensorflow:  name = bert/encoder/layer_11/attention/output/LayerNorm/gamma:0, shape = (768,), *INIT_FROM_CKPT*
I0622 09:30:48.609359 140574683744064 run_classifier_sci.py:750]   name = bert/encoder/layer_11/attention/output/LayerNorm/gamma:0, shape = (768,), *INIT_FROM_CKPT*
INFO:tensorflow:  name = bert/encoder/layer_11/intermediate/dense/kernel:0, shape = (768, 3072), *INIT_FROM_CKPT*
I0622 09:30:48.609404 140574683744064 run_classifier_sci.py:750]   name = bert/encoder/layer_11/intermediate/dense/kernel:0, shape = (768, 3072), *INIT_FROM_CKPT*
INFO:tensorflow:  name = bert/encoder/layer_11/intermediate/dense/bias:0, shape = (3072,), *INIT_FROM_CKPT*
I0622 09:30:48.609454 140574683744064 run_classifier_sci.py:750]   name = bert/encoder/layer_11/intermediate/dense/bias:0, shape = (3072,), *INIT_FROM_CKPT*
INFO:tensorflow:  name = bert/encoder/layer_11/output/dense/kernel:0, shape = (3072, 768), *INIT_FROM_CKPT*
I0622 09:30:48.609499 140574683744064 run_classifier_sci.py:750]   name = bert/encoder/layer_11/output/dense/kernel:0, shape = (3072, 768), *INIT_FROM_CKPT*
INFO:tensorflow:  name = bert/encoder/layer_11/output/dense/bias:0, shape = (768,), *INIT_FROM_CKPT*
I0622 09:30:48.609548 140574683744064 run_classifier_sci.py:750]   name = bert/encoder/layer_11/output/dense/bias:0, shape = (768,), *INIT_FROM_CKPT*
INFO:tensorflow:  name = bert/encoder/layer_11/output/LayerNorm/beta:0, shape = (768,), *INIT_FROM_CKPT*
I0622 09:30:48.609593 140574683744064 run_classifier_sci.py:750]   name = bert/encoder/layer_11/output/LayerNorm/beta:0, shape = (768,), *INIT_FROM_CKPT*
INFO:tensorflow:  name = bert/encoder/layer_11/output/LayerNorm/gamma:0, shape = (768,), *INIT_FROM_CKPT*
I0622 09:30:48.609639 140574683744064 run_classifier_sci.py:750]   name = bert/encoder/layer_11/output/LayerNorm/gamma:0, shape = (768,), *INIT_FROM_CKPT*
INFO:tensorflow:  name = bert/pooler/dense/kernel:0, shape = (768, 768), *INIT_FROM_CKPT*
I0622 09:30:48.609684 140574683744064 run_classifier_sci.py:750]   name = bert/pooler/dense/kernel:0, shape = (768, 768), *INIT_FROM_CKPT*
INFO:tensorflow:  name = bert/pooler/dense/bias:0, shape = (768,), *INIT_FROM_CKPT*
I0622 09:30:48.609733 140574683744064 run_classifier_sci.py:750]   name = bert/pooler/dense/bias:0, shape = (768,), *INIT_FROM_CKPT*
INFO:tensorflow:  name = output_weights:0, shape = (2, 768)
I0622 09:30:48.609797 140574683744064 run_classifier_sci.py:750]   name = output_weights:0, shape = (2, 768)
INFO:tensorflow:  name = output_bias:0, shape = (2,)
I0622 09:30:48.609861 140574683744064 run_classifier_sci.py:750]   name = output_bias:0, shape = (2,)
INFO:tensorflow:Done calling model_fn.
I0622 09:30:48.610233 140574683744064 estimator.py:1150] Done calling model_fn.
WARNING:tensorflow:From /opt/conda/envs/python3/lib/python3.6/site-packages/tensorflow_core/python/ops/array_ops.py:1475: where (from tensorflow.python.ops.array_ops) is deprecated and will be removed in a future version.
Instructions for updating:
Use tf.where in 2.0, which has the same broadcast rule as np.where
W0622 09:30:48.750019 140574683744064 deprecation.py:323] From /opt/conda/envs/python3/lib/python3.6/site-packages/tensorflow_core/python/ops/array_ops.py:1475: where (from tensorflow.python.ops.array_ops) is deprecated and will be removed in a future version.
Instructions for updating:
Use tf.where in 2.0, which has the same broadcast rule as np.where
INFO:tensorflow:Graph was finalized.
I0622 09:30:49.092181 140574683744064 monitored_session.py:240] Graph was finalized.
2021-06-22 09:30:49.092562: I tensorflow/core/platform/cpu_feature_guard.cc:142] Your CPU supports instructions that this TensorFlow binary was not compiled to use: AVX2 AVX512F FMA
2021-06-22 09:30:49.132287: I tensorflow/core/platform/profile_utils/cpu_utils.cc:94] CPU Frequency: 2200000000 Hz
2021-06-22 09:30:49.137191: I tensorflow/compiler/xla/service/service.cc:168] XLA service 0x5560a4ac6d60 initialized for platform Host (this does not guarantee that XLA will be used). Devices:
2021-06-22 09:30:49.137233: I tensorflow/compiler/xla/service/service.cc:176]   StreamExecutor device (0): Host, Default Version
2021-06-22 09:30:49.144406: I tensorflow/stream_executor/platform/default/dso_loader.cc:44] Successfully opened dynamic library libcuda.so.1
2021-06-22 09:30:50.293258: I tensorflow/compiler/xla/service/service.cc:168] XLA service 0x55609ef96650 initialized for platform CUDA (this does not guarantee that XLA will be used). Devices:
2021-06-22 09:30:50.293285: I tensorflow/compiler/xla/service/service.cc:176]   StreamExecutor device (0): GeForce RTX 2080 Ti, Compute Capability 7.5
2021-06-22 09:30:50.294004: I tensorflow/core/common_runtime/gpu/gpu_device.cc:1618] Found device 0 with properties: 
name: GeForce RTX 2080 Ti major: 7 minor: 5 memoryClockRate(GHz): 1.545
pciBusID: 0000:3d:00.0
2021-06-22 09:30:50.298254: I tensorflow/stream_executor/platform/default/dso_loader.cc:44] Successfully opened dynamic library libcudart.so.10.0
2021-06-22 09:30:50.339144: I tensorflow/stream_executor/platform/default/dso_loader.cc:44] Successfully opened dynamic library libcublas.so.10.0
2021-06-22 09:30:50.361759: I tensorflow/stream_executor/platform/default/dso_loader.cc:44] Successfully opened dynamic library libcufft.so.10.0
2021-06-22 09:30:50.374106: I tensorflow/stream_executor/platform/default/dso_loader.cc:44] Successfully opened dynamic library libcurand.so.10.0
2021-06-22 09:30:50.419996: I tensorflow/stream_executor/platform/default/dso_loader.cc:44] Successfully opened dynamic library libcusolver.so.10.0
2021-06-22 09:30:50.449874: I tensorflow/stream_executor/platform/default/dso_loader.cc:44] Successfully opened dynamic library libcusparse.so.10.0
2021-06-22 09:30:50.537383: I tensorflow/stream_executor/platform/default/dso_loader.cc:44] Successfully opened dynamic library libcudnn.so.7
2021-06-22 09:30:50.538618: I tensorflow/core/common_runtime/gpu/gpu_device.cc:1746] Adding visible gpu devices: 0
2021-06-22 09:30:50.541205: I tensorflow/stream_executor/platform/default/dso_loader.cc:44] Successfully opened dynamic library libcudart.so.10.0
2021-06-22 09:30:50.542391: I tensorflow/core/common_runtime/gpu/gpu_device.cc:1159] Device interconnect StreamExecutor with strength 1 edge matrix:
2021-06-22 09:30:50.542410: I tensorflow/core/common_runtime/gpu/gpu_device.cc:1165]      0 
2021-06-22 09:30:50.542417: I tensorflow/core/common_runtime/gpu/gpu_device.cc:1178] 0:   N 
2021-06-22 09:30:50.544916: I tensorflow/core/common_runtime/gpu/gpu_device.cc:1304] Created TensorFlow device (/job:localhost/replica:0/task:0/device:GPU:0 with 10320 MB memory) -> physical GPU (device: 0, name: GeForce RTX 2080 Ti, pci bus id: 0000:3d:00.0, compute capability: 7.5)
INFO:tensorflow:Restoring parameters from ../data/ibm/exp/few-shot-setup/NLP-TDMS/paperVersion//models/BERT/model.ckpt-6653
I0622 09:30:50.547485 140574683744064 saver.py:1284] Restoring parameters from ../data/ibm/exp/few-shot-setup/NLP-TDMS/paperVersion//models/BERT/model.ckpt-6653
INFO:tensorflow:Running local_init_op.
I0622 09:30:54.753396 140574683744064 session_manager.py:500] Running local_init_op.
INFO:tensorflow:Done running local_init_op.
I0622 09:30:54.814293 140574683744064 session_manager.py:502] Done running local_init_op.
2021-06-22 09:30:55.598505: I tensorflow/stream_executor/platform/default/dso_loader.cc:44] Successfully opened dynamic library libcublas.so.10.0
INFO:tensorflow:prediction_loop marked as finished
I0622 09:34:38.150357 140574683744064 error_handling.py:101] prediction_loop marked as finished
INFO:tensorflow:prediction_loop marked as finished
I0622 09:34:38.150926 140574683744064 error_handling.py:101] prediction_loop marked as finished
